{"contracts/0x/base/ZeroExOwnable.sol":{"l":{"14":0,"18":0,"19":0,"23":0,"24":0},"path":"/Users/antonio/src/dydx/protocol/contracts/0x/base/ZeroExOwnable.sol","s":{"1":0,"2":0,"3":0,"4":0},"b":{"1":[0,0],"2":[0,0]},"f":{"1":0,"2":0,"3":0},"fnMap":{"1":{"name":"ZeroExOwnable","line":13,"loc":{"start":{"line":13,"column":4},"end":{"line":13,"column":33}}},"2":{"name":"onlyOwner","line":17,"loc":{"start":{"line":17,"column":4},"end":{"line":17,"column":22}}},"3":{"name":"transferOwnership","line":22,"loc":{"start":{"line":22,"column":4},"end":{"line":22,"column":63}}}},"statementMap":{"1":{"start":{"line":14,"column":8},"end":{"line":14,"column":25}},"2":{"start":{"line":18,"column":8},"end":{"line":18,"column":35}},"3":{"start":{"line":23,"column":8},"end":{"line":23,"column":489}},"4":{"start":{"line":24,"column":12},"end":{"line":24,"column":27}}},"branchMap":{"1":{"line":18,"type":"if","locations":[{"start":{"line":18,"column":8},"end":{"line":18,"column":8}},{"start":{"line":18,"column":8},"end":{"line":18,"column":8}}]},"2":{"line":23,"type":"if","locations":[{"start":{"line":23,"column":8},"end":{"line":23,"column":8}},{"start":{"line":23,"column":8},"end":{"line":23,"column":8}}]}}},"contracts/0x/base/ZeroExSafeMath.sol":{"l":{"5":0,"6":0,"7":0,"11":0,"12":0,"16":0,"17":0,"21":0,"22":0,"23":0,"27":0,"31":0,"35":0,"39":0},"path":"/Users/antonio/src/dydx/protocol/contracts/0x/base/ZeroExSafeMath.sol","s":{"1":0,"2":0,"3":0,"4":0,"5":0,"6":0,"7":0,"8":0,"9":0,"10":0,"11":0,"12":0,"13":0,"14":0},"b":{"1":[0,0],"2":[0,0],"3":[0,0]},"f":{"1":0,"2":0,"3":0,"4":0,"5":0,"6":0,"7":0,"8":0},"fnMap":{"1":{"name":"safeMul","line":4,"loc":{"start":{"line":4,"column":4},"end":{"line":4,"column":66}}},"2":{"name":"safeDiv","line":10,"loc":{"start":{"line":10,"column":4},"end":{"line":10,"column":66}}},"3":{"name":"safeSub","line":15,"loc":{"start":{"line":15,"column":4},"end":{"line":15,"column":66}}},"4":{"name":"safeAdd","line":20,"loc":{"start":{"line":20,"column":4},"end":{"line":20,"column":66}}},"5":{"name":"max64","line":26,"loc":{"start":{"line":26,"column":4},"end":{"line":26,"column":67}}},"6":{"name":"min64","line":30,"loc":{"start":{"line":30,"column":4},"end":{"line":30,"column":67}}},"7":{"name":"max256","line":34,"loc":{"start":{"line":34,"column":4},"end":{"line":34,"column":71}}},"8":{"name":"min256","line":38,"loc":{"start":{"line":38,"column":4},"end":{"line":38,"column":71}}}},"statementMap":{"1":{"start":{"line":5,"column":8},"end":{"line":5,"column":21}},"2":{"start":{"line":6,"column":8},"end":{"line":6,"column":35}},"3":{"start":{"line":7,"column":8},"end":{"line":7,"column":16}},"4":{"start":{"line":11,"column":8},"end":{"line":11,"column":21}},"5":{"start":{"line":12,"column":8},"end":{"line":12,"column":16}},"6":{"start":{"line":16,"column":8},"end":{"line":16,"column":21}},"7":{"start":{"line":17,"column":8},"end":{"line":17,"column":20}},"8":{"start":{"line":21,"column":8},"end":{"line":21,"column":21}},"9":{"start":{"line":22,"column":8},"end":{"line":22,"column":21}},"10":{"start":{"line":23,"column":8},"end":{"line":23,"column":16}},"11":{"start":{"line":27,"column":8},"end":{"line":27,"column":29}},"12":{"start":{"line":31,"column":8},"end":{"line":31,"column":28}},"13":{"start":{"line":35,"column":8},"end":{"line":35,"column":29}},"14":{"start":{"line":39,"column":8},"end":{"line":39,"column":28}}},"branchMap":{"1":{"line":6,"type":"if","locations":[{"start":{"line":6,"column":8},"end":{"line":6,"column":8}},{"start":{"line":6,"column":8},"end":{"line":6,"column":8}}]},"2":{"line":16,"type":"if","locations":[{"start":{"line":16,"column":8},"end":{"line":16,"column":8}},{"start":{"line":16,"column":8},"end":{"line":16,"column":8}}]},"3":{"line":22,"type":"if","locations":[{"start":{"line":22,"column":8},"end":{"line":22,"column":8}},{"start":{"line":22,"column":8},"end":{"line":22,"column":8}}]}}},"contracts/0x/base/ZeroExToken.sol":{"l":{},"path":"/Users/antonio/src/dydx/protocol/contracts/0x/base/ZeroExToken.sol","s":{},"b":{},"f":{},"fnMap":{},"statementMap":{},"branchMap":{}},"contracts/0x/ZeroExExchange.sol":{"l":{"89":0,"90":0,"117":0,"131":0,"132":0,"133":0,"141":0,"142":0,"143":0,"146":0,"147":0,"148":0,"149":0,"150":0,"153":0,"154":0,"155":0,"158":0,"159":0,"160":0,"163":0,"164":0,"165":0,"166":0,"167":0,"173":0,"180":0,"181":0,"182":0,"183":0,"190":0,"191":0,"192":0,"201":0,"214":0,"229":0,"243":0,"244":0,"246":0,"247":0,"248":0,"251":0,"252":0,"253":0,"254":0,"255":0,"258":0,"260":0,"270":0,"293":0,"322":0,"323":0,"351":0,"352":0,"383":0,"384":0,"386":0,"395":0,"397":0,"410":0,"411":0,"431":0,"463":0,"480":0,"483":0,"487":0,"499":0,"509":0,"531":0,"542":0,"543":0,"545":0,"546":0,"547":0,"548":0,"549":0,"550":0,"551":0,"553":0,"559":0,"562":0,"571":0},"path":"/Users/antonio/src/dydx/protocol/contracts/0x/ZeroExExchange.sol","s":{"1":0,"2":0,"3":0,"4":0,"5":0,"6":0,"7":0,"8":0,"9":0,"10":0,"11":0,"12":0,"13":0,"14":0,"15":0,"16":0,"17":0,"18":0,"19":0,"20":0,"21":0,"22":0,"23":0,"24":0,"25":0,"26":0,"27":0,"28":0,"29":0,"30":0,"31":0,"32":0,"33":0,"34":0,"35":0,"36":0,"37":0,"38":0,"39":0,"40":0,"41":0,"42":0,"43":0,"44":0,"45":0,"46":0,"47":0,"48":0,"49":0,"50":0,"51":0,"52":0,"53":0,"54":0,"55":0,"56":0,"57":0,"58":0,"59":0,"60":0,"61":0,"62":0,"63":0,"64":0,"65":0,"66":0,"67":0,"68":0,"69":0,"70":0,"71":0,"72":0,"73":0,"74":0,"75":0,"76":0,"77":0,"78":0,"79":0,"80":0,"81":0,"82":0,"83":0,"84":0,"85":0,"86":0,"87":0,"88":0,"89":0,"90":0},"b":{"1":[0,0],"2":[0,0],"3":[0,0],"4":[0,0],"5":[0,0],"6":[0,0],"7":[0,0],"8":[0,0],"9":[0,0],"10":[0,0],"11":[0,0],"12":[0,0],"13":[0,0],"14":[0,0],"15":[0,0],"16":[0,0],"17":[0,0],"18":[0,0],"19":[0,0],"20":[0,0],"21":[0,0],"22":[0,0],"23":[0,0],"24":[0,0],"25":[0,0],"26":[0,0],"27":[0,0],"28":[0,0],"29":[0,0]},"f":{"1":0,"2":0,"3":0,"4":0,"5":0,"6":0,"7":0,"8":0,"9":0,"10":0,"11":0,"12":0,"13":0,"14":0,"15":0,"16":0,"17":0},"fnMap":{"1":{"name":"ZeroExExchange","line":88,"loc":{"start":{"line":88,"column":4},"end":{"line":88,"column":80}}},"2":{"name":"fillOrder","line":106,"loc":{"start":{"line":106,"column":4},"end":{"line":116,"column":5}}},"3":{"name":"cancelOrder","line":222,"loc":{"start":{"line":222,"column":4},"end":{"line":228,"column":5}}},"4":{"name":"fillOrKillOrder","line":284,"loc":{"start":{"line":284,"column":4},"end":{"line":292,"column":5}}},"5":{"name":"batchFillOrders","line":312,"loc":{"start":{"line":312,"column":4},"end":{"line":321,"column":5}}},"6":{"name":"batchFillOrKillOrders","line":342,"loc":{"start":{"line":342,"column":4},"end":{"line":350,"column":5}}},"7":{"name":"fillOrdersUpTo","line":372,"loc":{"start":{"line":372,"column":4},"end":{"line":382,"column":5}}},"8":{"name":"batchCancelOrders","line":404,"loc":{"start":{"line":404,"column":4},"end":{"line":409,"column":5}}},"9":{"name":"getOrderHash","line":427,"loc":{"start":{"line":427,"column":4},"end":{"line":431,"column":5}}},"10":{"name":"isValidSignature","line":455,"loc":{"start":{"line":455,"column":4},"end":{"line":464,"column":5}}},"11":{"name":"isRoundingError","line":478,"loc":{"start":{"line":478,"column":4},"end":{"line":482,"column":5}}},"12":{"name":"getPartialAmount","line":498,"loc":{"start":{"line":498,"column":4},"end":{"line":502,"column":5}}},"13":{"name":"getUnavailableTakerTokenAmount","line":509,"loc":{"start":{"line":509,"column":4},"end":{"line":513,"column":5}}},"14":{"name":"transferViaTokenTransferProxy","line":528,"loc":{"start":{"line":528,"column":4},"end":{"line":535,"column":5}}},"15":{"name":"isTransferable","line":543,"loc":{"start":{"line":543,"column":4},"end":{"line":547,"column":5}}},"16":{"name":"getBalance","line":584,"loc":{"start":{"line":584,"column":4},"end":{"line":588,"column":5}}},"17":{"name":"getAllowance","line":596,"loc":{"start":{"line":596,"column":4},"end":{"line":600,"column":5}}}},"statementMap":{"1":{"start":{"line":89,"column":8},"end":{"line":89,"column":37}},"2":{"start":{"line":90,"column":8},"end":{"line":90,"column":58}},"3":{"start":{"line":117,"column":8},"end":{"line":117,"column":4051}},"4":{"start":{"line":131,"column":8},"end":{"line":131,"column":70}},"5":{"start":{"line":132,"column":8},"end":{"line":132,"column":100}},"6":{"start":{"line":133,"column":8},"end":{"line":133,"column":4771}},"7":{"start":{"line":141,"column":8},"end":{"line":141,"column":4915}},"8":{"start":{"line":142,"column":12},"end":{"line":142,"column":65}},"9":{"start":{"line":143,"column":12},"end":{"line":143,"column":20}},"10":{"start":{"line":146,"column":8},"end":{"line":146,"column":120}},"11":{"start":{"line":147,"column":8},"end":{"line":147,"column":87}},"12":{"start":{"line":148,"column":8},"end":{"line":148,"column":5294}},"13":{"start":{"line":149,"column":12},"end":{"line":149,"column":83}},"14":{"start":{"line":150,"column":12},"end":{"line":150,"column":20}},"15":{"start":{"line":153,"column":8},"end":{"line":153,"column":5456}},"16":{"start":{"line":154,"column":12},"end":{"line":154,"column":76}},"17":{"start":{"line":155,"column":12},"end":{"line":155,"column":20}},"18":{"start":{"line":158,"column":8},"end":{"line":158,"column":5671}},"19":{"start":{"line":159,"column":12},"end":{"line":159,"column":85}},"20":{"start":{"line":160,"column":12},"end":{"line":160,"column":20}},"21":{"start":{"line":163,"column":8},"end":{"line":163,"column":125}},"22":{"start":{"line":166,"column":8},"end":{"line":166,"column":89}},"23":{"start":{"line":167,"column":8},"end":{"line":167,"column":6177}},"24":{"start":{"line":173,"column":8},"end":{"line":173,"column":6350}},"25":{"start":{"line":180,"column":8},"end":{"line":180,"column":6523}},"26":{"start":{"line":181,"column":12},"end":{"line":181,"column":6579}},"27":{"start":{"line":182,"column":16},"end":{"line":182,"column":110}},"28":{"start":{"line":183,"column":16},"end":{"line":183,"column":6739}},"29":{"start":{"line":190,"column":12},"end":{"line":190,"column":6965}},"30":{"start":{"line":191,"column":16},"end":{"line":191,"column":110}},"31":{"start":{"line":192,"column":16},"end":{"line":192,"column":7125}},"32":{"start":{"line":201,"column":8},"end":{"line":201,"column":7353}},"33":{"start":{"line":214,"column":8},"end":{"line":214,"column":37}},"34":{"start":{"line":229,"column":8},"end":{"line":229,"column":8363}},"35":{"start":{"line":243,"column":8},"end":{"line":243,"column":41}},"36":{"start":{"line":244,"column":8},"end":{"line":244,"column":102}},"37":{"start":{"line":246,"column":8},"end":{"line":246,"column":9056}},"38":{"start":{"line":247,"column":12},"end":{"line":247,"column":65}},"39":{"start":{"line":248,"column":12},"end":{"line":248,"column":20}},"40":{"start":{"line":251,"column":8},"end":{"line":251,"column":120}},"41":{"start":{"line":252,"column":8},"end":{"line":252,"column":97}},"42":{"start":{"line":253,"column":8},"end":{"line":253,"column":9445}},"43":{"start":{"line":254,"column":12},"end":{"line":254,"column":83}},"44":{"start":{"line":255,"column":12},"end":{"line":255,"column":20}},"45":{"start":{"line":258,"column":8},"end":{"line":258,"column":98}},"46":{"start":{"line":260,"column":8},"end":{"line":260,"column":9712}},"47":{"start":{"line":270,"column":8},"end":{"line":270,"column":40}},"48":{"start":{"line":293,"column":8},"end":{"line":293,"column":10984}},"49":{"start":{"line":322,"column":8},"end":{"line":322,"column":12080}},"50":{"start":{"line":323,"column":12},"end":{"line":323,"column":12147}},"51":{"start":{"line":351,"column":8},"end":{"line":351,"column":13178}},"52":{"start":{"line":352,"column":12},"end":{"line":352,"column":13245}},"53":{"start":{"line":383,"column":8},"end":{"line":383,"column":38}},"54":{"start":{"line":384,"column":8},"end":{"line":384,"column":14539}},"55":{"start":{"line":385,"column":12},"end":{"line":385,"column":64}},"56":{"start":{"line":386,"column":12},"end":{"line":386,"column":14720}},"57":{"start":{"line":395,"column":12},"end":{"line":395,"column":69}},"58":{"start":{"line":397,"column":8},"end":{"line":397,"column":37}},"59":{"start":{"line":410,"column":8},"end":{"line":410,"column":15711}},"60":{"start":{"line":411,"column":12},"end":{"line":411,"column":15778}},"61":{"start":{"line":432,"column":8},"end":{"line":432,"column":16476}},"62":{"start":{"line":465,"column":8},"end":{"line":465,"column":17565}},"63":{"start":{"line":483,"column":8},"end":{"line":483,"column":62}},"64":{"start":{"line":484,"column":8},"end":{"line":484,"column":40}},"65":{"start":{"line":484,"column":28},"end":{"line":484,"column":40}},"66":{"start":{"line":486,"column":8},"end":{"line":486,"column":18223}},"67":{"start":{"line":490,"column":8},"end":{"line":490,"column":47}},"68":{"start":{"line":503,"column":8},"end":{"line":503,"column":63}},"69":{"start":{"line":514,"column":8},"end":{"line":514,"column":63}},"70":{"start":{"line":536,"column":8},"end":{"line":536,"column":94}},"71":{"start":{"line":548,"column":8},"end":{"line":548,"column":33}},"72":{"start":{"line":549,"column":8},"end":{"line":549,"column":121}},"73":{"start":{"line":551,"column":8},"end":{"line":551,"column":20589}},"74":{"start":{"line":552,"column":12},"end":{"line":552,"column":72}},"75":{"start":{"line":553,"column":12},"end":{"line":553,"column":72}},"76":{"start":{"line":554,"column":12},"end":{"line":554,"column":109}},"77":{"start":{"line":555,"column":12},"end":{"line":555,"column":109}},"78":{"start":{"line":556,"column":12},"end":{"line":556,"column":111}},"79":{"start":{"line":557,"column":12},"end":{"line":557,"column":111}},"80":{"start":{"line":559,"column":12},"end":{"line":559,"column":21248}},"81":{"start":{"line":563,"column":14},"end":{"line":563,"column":26}},"82":{"start":{"line":565,"column":12},"end":{"line":565,"column":21597}},"83":{"start":{"line":567,"column":14},"end":{"line":567,"column":26}},"84":{"start":{"line":568,"column":12},"end":{"line":568,"column":21878}},"85":{"start":{"line":570,"column":14},"end":{"line":570,"column":26}},"86":{"start":{"line":571,"column":15},"end":{"line":571,"column":22146}},"87":{"start":{"line":575,"column":10},"end":{"line":575,"column":22}},"88":{"start":{"line":577,"column":8},"end":{"line":577,"column":19}},"89":{"start":{"line":589,"column":8},"end":{"line":589,"column":50}},"90":{"start":{"line":601,"column":8},"end":{"line":601,"column":81}}},"branchMap":{"1":{"line":131,"type":"if","locations":[{"start":{"line":131,"column":8},"end":{"line":131,"column":8}},{"start":{"line":131,"column":8},"end":{"line":131,"column":8}}]},"2":{"line":132,"type":"if","locations":[{"start":{"line":132,"column":8},"end":{"line":132,"column":8}},{"start":{"line":132,"column":8},"end":{"line":132,"column":8}}]},"3":{"line":133,"type":"if","locations":[{"start":{"line":133,"column":8},"end":{"line":133,"column":8}},{"start":{"line":133,"column":8},"end":{"line":133,"column":8}}]},"4":{"line":141,"type":"if","locations":[{"start":{"line":141,"column":8},"end":{"line":141,"column":8}},{"start":{"line":141,"column":8},"end":{"line":141,"column":8}}]},"5":{"line":148,"type":"if","locations":[{"start":{"line":148,"column":8},"end":{"line":148,"column":8}},{"start":{"line":148,"column":8},"end":{"line":148,"column":8}}]},"6":{"line":153,"type":"if","locations":[{"start":{"line":153,"column":8},"end":{"line":153,"column":8}},{"start":{"line":153,"column":8},"end":{"line":153,"column":8}}]},"7":{"line":158,"type":"if","locations":[{"start":{"line":158,"column":8},"end":{"line":158,"column":8}},{"start":{"line":158,"column":8},"end":{"line":158,"column":8}}]},"8":{"line":167,"type":"if","locations":[{"start":{"line":167,"column":8},"end":{"line":167,"column":8}},{"start":{"line":167,"column":8},"end":{"line":167,"column":8}}]},"9":{"line":173,"type":"if","locations":[{"start":{"line":173,"column":8},"end":{"line":173,"column":8}},{"start":{"line":173,"column":8},"end":{"line":173,"column":8}}]},"10":{"line":180,"type":"if","locations":[{"start":{"line":180,"column":8},"end":{"line":180,"column":8}},{"start":{"line":180,"column":8},"end":{"line":180,"column":8}}]},"11":{"line":181,"type":"if","locations":[{"start":{"line":181,"column":12},"end":{"line":181,"column":12}},{"start":{"line":181,"column":12},"end":{"line":181,"column":12}}]},"12":{"line":183,"type":"if","locations":[{"start":{"line":183,"column":16},"end":{"line":183,"column":16}},{"start":{"line":183,"column":16},"end":{"line":183,"column":16}}]},"13":{"line":190,"type":"if","locations":[{"start":{"line":190,"column":12},"end":{"line":190,"column":12}},{"start":{"line":190,"column":12},"end":{"line":190,"column":12}}]},"14":{"line":192,"type":"if","locations":[{"start":{"line":192,"column":16},"end":{"line":192,"column":16}},{"start":{"line":192,"column":16},"end":{"line":192,"column":16}}]},"15":{"line":243,"type":"if","locations":[{"start":{"line":243,"column":8},"end":{"line":243,"column":8}},{"start":{"line":243,"column":8},"end":{"line":243,"column":8}}]},"16":{"line":244,"type":"if","locations":[{"start":{"line":244,"column":8},"end":{"line":244,"column":8}},{"start":{"line":244,"column":8},"end":{"line":244,"column":8}}]},"17":{"line":246,"type":"if","locations":[{"start":{"line":246,"column":8},"end":{"line":246,"column":8}},{"start":{"line":246,"column":8},"end":{"line":246,"column":8}}]},"18":{"line":253,"type":"if","locations":[{"start":{"line":253,"column":8},"end":{"line":253,"column":8}},{"start":{"line":253,"column":8},"end":{"line":253,"column":8}}]},"19":{"line":293,"type":"if","locations":[{"start":{"line":293,"column":8},"end":{"line":293,"column":8}},{"start":{"line":293,"column":8},"end":{"line":293,"column":8}}]},"20":{"line":385,"type":"if","locations":[{"start":{"line":385,"column":12},"end":{"line":385,"column":12}},{"start":{"line":385,"column":12},"end":{"line":385,"column":12}}]},"21":{"line":395,"type":"if","locations":[{"start":{"line":395,"column":12},"end":{"line":395,"column":12}},{"start":{"line":395,"column":12},"end":{"line":395,"column":12}}]},"22":{"line":484,"type":"if","locations":[{"start":{"line":484,"column":8},"end":{"line":484,"column":8}},{"start":{"line":484,"column":8},"end":{"line":484,"column":8}}]},"23":{"line":551,"type":"if","locations":[{"start":{"line":551,"column":8},"end":{"line":551,"column":8}},{"start":{"line":551,"column":8},"end":{"line":551,"column":8}}]},"24":{"line":556,"type":"cond-expr","locations":[{"start":{"line":556,"column":54},"end":{"line":556,"column":97}},{"start":{"line":556,"column":100},"end":{"line":556,"column":112}}]},"25":{"line":557,"type":"cond-expr","locations":[{"start":{"line":557,"column":54},"end":{"line":557,"column":97}},{"start":{"line":557,"column":100},"end":{"line":557,"column":112}}]},"26":{"line":559,"type":"if","locations":[{"start":{"line":559,"column":12},"end":{"line":559,"column":12}},{"start":{"line":559,"column":12},"end":{"line":559,"column":12}}]},"27":{"line":565,"type":"if","locations":[{"start":{"line":565,"column":12},"end":{"line":565,"column":12}},{"start":{"line":565,"column":12},"end":{"line":565,"column":12}}]},"28":{"line":568,"type":"if","locations":[{"start":{"line":568,"column":12},"end":{"line":568,"column":12}},{"start":{"line":568,"column":12},"end":{"line":568,"column":12}}]},"29":{"line":571,"type":"if","locations":[{"start":{"line":571,"column":15},"end":{"line":571,"column":15}},{"start":{"line":571,"column":15},"end":{"line":571,"column":15}}]}}},"contracts/0x/ZeroExProxy.sol":{"l":{"30":0,"31":0,"35":0,"36":0,"40":0,"41":0,"61":0,"62":0,"63":0,"73":0,"74":0,"75":0,"76":0,"77":0,"78":0,"81":0,"99":0,"112":0},"path":"/Users/antonio/src/dydx/protocol/contracts/0x/ZeroExProxy.sol","s":{"1":0,"2":0,"3":0,"4":0,"5":0,"6":0,"7":0,"8":0,"9":0,"10":0,"11":0,"12":0},"b":{"1":[0,0],"2":[0,0],"3":[0,0],"4":[0,0]},"f":{"1":0,"2":0,"3":0,"4":0,"5":0,"6":0,"7":0},"fnMap":{"1":{"name":"onlyAuthorized","line":29,"loc":{"start":{"line":29,"column":4},"end":{"line":29,"column":25}}},"2":{"name":"targetAuthorized","line":34,"loc":{"start":{"line":34,"column":4},"end":{"line":34,"column":43}}},"3":{"name":"targetNotAuthorized","line":39,"loc":{"start":{"line":39,"column":4},"end":{"line":39,"column":46}}},"4":{"name":"addAuthorizedAddress","line":56,"loc":{"start":{"line":56,"column":4},"end":{"line":60,"column":5}}},"5":{"name":"removeAuthorizedAddress","line":68,"loc":{"start":{"line":68,"column":4},"end":{"line":72,"column":5}}},"6":{"name":"transferFrom","line":90,"loc":{"start":{"line":90,"column":4},"end":{"line":98,"column":5}}},"7":{"name":"getAuthorizedAddresses","line":108,"loc":{"start":{"line":108,"column":4},"end":{"line":112,"column":5}}}},"statementMap":{"1":{"start":{"line":30,"column":8},"end":{"line":30,"column":38}},"2":{"start":{"line":35,"column":8},"end":{"line":35,"column":34}},"3":{"start":{"line":40,"column":8},"end":{"line":40,"column":35}},"4":{"start":{"line":61,"column":8},"end":{"line":61,"column":32}},"5":{"start":{"line":63,"column":8},"end":{"line":63,"column":52}},"6":{"start":{"line":74,"column":8},"end":{"line":74,"column":2223}},"7":{"start":{"line":75,"column":12},"end":{"line":75,"column":2287}},"8":{"start":{"line":76,"column":16},"end":{"line":76,"column":67}},"9":{"start":{"line":77,"column":16},"end":{"line":77,"column":38}},"10":{"start":{"line":81,"column":8},"end":{"line":81,"column":54}},"11":{"start":{"line":99,"column":8},"end":{"line":99,"column":63}},"12":{"start":{"line":113,"column":8},"end":{"line":113,"column":26}}},"branchMap":{"1":{"line":30,"type":"if","locations":[{"start":{"line":30,"column":8},"end":{"line":30,"column":8}},{"start":{"line":30,"column":8},"end":{"line":30,"column":8}}]},"2":{"line":35,"type":"if","locations":[{"start":{"line":35,"column":8},"end":{"line":35,"column":8}},{"start":{"line":35,"column":8},"end":{"line":35,"column":8}}]},"3":{"line":40,"type":"if","locations":[{"start":{"line":40,"column":8},"end":{"line":40,"column":8}},{"start":{"line":40,"column":8},"end":{"line":40,"column":8}}]},"4":{"line":75,"type":"if","locations":[{"start":{"line":75,"column":12},"end":{"line":75,"column":12}},{"start":{"line":75,"column":12},"end":{"line":75,"column":12}}]}}},"contracts/interfaces/ZeroExExchangeInterface.sol":{"l":{},"path":"/Users/antonio/src/dydx/protocol/contracts/interfaces/ZeroExExchangeInterface.sol","s":{},"b":{},"f":{},"fnMap":{},"statementMap":{},"branchMap":{}},"contracts/lib/AccessControlled.sol":{"l":{"57":16,"58":16,"66":3,"67":2,"85":9,"86":4,"87":4,"89":5,"90":5,"100":3,"101":2,"102":1,"103":1,"104":1,"113":2,"114":2,"115":2},"path":"/Users/antonio/src/dydx/protocol/contracts/lib/AccessControlled.sol","s":{"1":16,"2":16,"3":3,"4":9,"5":4,"6":4,"7":5,"8":5,"9":3,"10":2,"11":1,"12":1,"13":2,"14":2},"b":{"1":[2,1],"2":[4,5],"3":[2,1],"4":[1,1]},"f":{"1":16,"2":3,"3":9,"4":3,"5":2},"fnMap":{"1":{"name":"AccessControlled","line":50,"loc":{"start":{"line":50,"column":4},"end":{"line":56,"column":5}}},"2":{"name":"requiresAuthorization","line":65,"loc":{"start":{"line":65,"column":4},"end":{"line":65,"column":34}}},"3":{"name":"grantAccess","line":79,"loc":{"start":{"line":79,"column":4},"end":{"line":84,"column":5}}},"4":{"name":"confirmAccess","line":94,"loc":{"start":{"line":94,"column":4},"end":{"line":99,"column":5}}},"5":{"name":"revokeAccess","line":107,"loc":{"start":{"line":107,"column":4},"end":{"line":112,"column":5}}}},"statementMap":{"1":{"start":{"line":57,"column":8},"end":{"line":57,"column":33}},"2":{"start":{"line":58,"column":8},"end":{"line":58,"column":65}},"3":{"start":{"line":66,"column":8},"end":{"line":66,"column":38}},"4":{"start":{"line":85,"column":8},"end":{"line":85,"column":1906}},"5":{"start":{"line":86,"column":12},"end":{"line":86,"column":61}},"6":{"start":{"line":87,"column":12},"end":{"line":87,"column":33}},"7":{"start":{"line":89,"column":12},"end":{"line":89,"column":63}},"8":{"start":{"line":90,"column":12},"end":{"line":90,"column":73}},"9":{"start":{"line":100,"column":8},"end":{"line":100,"column":47}},"10":{"start":{"line":101,"column":8},"end":{"line":101,"column":61}},"11":{"start":{"line":102,"column":8},"end":{"line":102,"column":29}},"12":{"start":{"line":104,"column":8},"end":{"line":104,"column":57}},"13":{"start":{"line":113,"column":8},"end":{"line":113,"column":30}},"14":{"start":{"line":115,"column":8},"end":{"line":115,"column":57}}},"branchMap":{"1":{"line":66,"type":"if","locations":[{"start":{"line":66,"column":8},"end":{"line":66,"column":8}},{"start":{"line":66,"column":8},"end":{"line":66,"column":8}}]},"2":{"line":85,"type":"if","locations":[{"start":{"line":85,"column":8},"end":{"line":85,"column":8}},{"start":{"line":85,"column":8},"end":{"line":85,"column":8}}]},"3":{"line":100,"type":"if","locations":[{"start":{"line":100,"column":8},"end":{"line":100,"column":8}},{"start":{"line":100,"column":8},"end":{"line":100,"column":8}}]},"4":{"line":101,"type":"if","locations":[{"start":{"line":101,"column":8},"end":{"line":101,"column":8}},{"start":{"line":101,"column":8},"end":{"line":101,"column":8}}]}}},"contracts/lib/DelayedUpdate.sol":{"l":{"93":8,"94":8,"112":14,"114":14,"116":7,"122":2,"131":5,"132":4,"134":4,"136":4,"143":4,"144":4,"149":7,"155":7,"162":7,"177":0,"179":0,"181":0,"187":0,"196":0,"197":0,"199":0,"201":0,"208":0,"209":0,"214":0,"220":0,"227":0,"242":0,"243":0,"245":0,"251":0,"261":0,"262":0,"264":0,"270":0},"path":"/Users/antonio/src/dydx/protocol/contracts/lib/DelayedUpdate.sol","s":{"1":8,"2":8,"3":14,"4":14,"5":7,"6":2,"7":5,"8":4,"9":4,"10":4,"11":7,"12":7,"13":7,"14":0,"15":0,"16":0,"17":0,"18":0,"19":0,"20":0,"21":0,"22":0,"23":0,"24":0,"25":0,"26":0,"27":0,"28":0,"29":0,"30":0},"b":{"1":[7,7],"2":[2,5],"3":[4,1],"4":[4,0],"5":[0,0],"6":[0,0],"7":[0,0],"8":[0,0],"9":[0,0],"10":[0,0]},"f":{"1":8,"2":14,"3":0,"4":0,"5":0},"fnMap":{"1":{"name":"DelayedUpdate","line":87,"loc":{"start":{"line":87,"column":4},"end":{"line":92,"column":5}}},"2":{"name":"delayedAddressUpdate","line":111,"loc":{"start":{"line":111,"column":4},"end":{"line":111,"column":62}}},"3":{"name":"delayedUintUpdate","line":176,"loc":{"start":{"line":176,"column":4},"end":{"line":176,"column":54}}},"4":{"name":"cancelAddressUpdate","line":241,"loc":{"start":{"line":241,"column":4},"end":{"line":241,"column":51}}},"5":{"name":"cancelUintUpdate","line":260,"loc":{"start":{"line":260,"column":4},"end":{"line":260,"column":48}}}},"statementMap":{"1":{"start":{"line":93,"column":8},"end":{"line":93,"column":33}},"2":{"start":{"line":94,"column":8},"end":{"line":94,"column":43}},"3":{"start":{"line":112,"column":8},"end":{"line":112,"column":70}},"4":{"start":{"line":114,"column":8},"end":{"line":114,"column":2878}},"5":{"start":{"line":116,"column":12},"end":{"line":116,"column":3001}},"6":{"start":{"line":122,"column":16},"end":{"line":122,"column":3207}},"7":{"start":{"line":131,"column":16},"end":{"line":131,"column":90}},"8":{"start":{"line":132,"column":16},"end":{"line":132,"column":61}},"9":{"start":{"line":136,"column":16},"end":{"line":136,"column":3773}},"10":{"start":{"line":144,"column":16},"end":{"line":144,"column":22}},"11":{"start":{"line":149,"column":12},"end":{"line":149,"column":4124}},"12":{"start":{"line":155,"column":12},"end":{"line":155,"column":4312}},"13":{"start":{"line":162,"column":12},"end":{"line":162,"column":18}},"14":{"start":{"line":177,"column":8},"end":{"line":177,"column":64}},"15":{"start":{"line":179,"column":8},"end":{"line":179,"column":5217}},"16":{"start":{"line":181,"column":12},"end":{"line":181,"column":5340}},"17":{"start":{"line":187,"column":16},"end":{"line":187,"column":5546}},"18":{"start":{"line":196,"column":16},"end":{"line":196,"column":90}},"19":{"start":{"line":197,"column":16},"end":{"line":197,"column":57}},"20":{"start":{"line":201,"column":16},"end":{"line":201,"column":6095}},"21":{"start":{"line":209,"column":16},"end":{"line":209,"column":22}},"22":{"start":{"line":214,"column":12},"end":{"line":214,"column":6441}},"23":{"start":{"line":220,"column":12},"end":{"line":220,"column":6619}},"24":{"start":{"line":227,"column":12},"end":{"line":227,"column":18}},"25":{"start":{"line":242,"column":8},"end":{"line":242,"column":62}},"26":{"start":{"line":243,"column":8},"end":{"line":243,"column":29}},"27":{"start":{"line":245,"column":8},"end":{"line":245,"column":7364}},"28":{"start":{"line":261,"column":8},"end":{"line":261,"column":56}},"29":{"start":{"line":262,"column":8},"end":{"line":262,"column":29}},"30":{"start":{"line":264,"column":8},"end":{"line":264,"column":7932}}},"branchMap":{"1":{"line":114,"type":"if","locations":[{"start":{"line":114,"column":8},"end":{"line":114,"column":8}},{"start":{"line":114,"column":8},"end":{"line":114,"column":8}}]},"2":{"line":116,"type":"if","locations":[{"start":{"line":116,"column":12},"end":{"line":116,"column":12}},{"start":{"line":116,"column":12},"end":{"line":116,"column":12}}]},"3":{"line":131,"type":"if","locations":[{"start":{"line":131,"column":16},"end":{"line":131,"column":16}},{"start":{"line":131,"column":16},"end":{"line":131,"column":16}}]},"4":{"line":132,"type":"if","locations":[{"start":{"line":132,"column":16},"end":{"line":132,"column":16}},{"start":{"line":132,"column":16},"end":{"line":132,"column":16}}]},"5":{"line":179,"type":"if","locations":[{"start":{"line":179,"column":8},"end":{"line":179,"column":8}},{"start":{"line":179,"column":8},"end":{"line":179,"column":8}}]},"6":{"line":181,"type":"if","locations":[{"start":{"line":181,"column":12},"end":{"line":181,"column":12}},{"start":{"line":181,"column":12},"end":{"line":181,"column":12}}]},"7":{"line":196,"type":"if","locations":[{"start":{"line":196,"column":16},"end":{"line":196,"column":16}},{"start":{"line":196,"column":16},"end":{"line":196,"column":16}}]},"8":{"line":197,"type":"if","locations":[{"start":{"line":197,"column":16},"end":{"line":197,"column":16}},{"start":{"line":197,"column":16},"end":{"line":197,"column":16}}]},"9":{"line":243,"type":"if","locations":[{"start":{"line":243,"column":8},"end":{"line":243,"column":8}},{"start":{"line":243,"column":8},"end":{"line":243,"column":8}}]},"10":{"line":262,"type":"if","locations":[{"start":{"line":262,"column":8},"end":{"line":262,"column":8}},{"start":{"line":262,"column":8},"end":{"line":262,"column":8}}]}}},"contracts/lib/SafeMath.sol":{"l":{"20":0,"30":0,"40":0,"50":0,"60":0,"70":0,"71":0,"72":0,"83":0,"85":0,"95":0,"96":0,"106":40,"107":40,"108":40},"path":"/Users/antonio/src/dydx/protocol/contracts/lib/SafeMath.sol","s":{"1":0,"2":0,"3":0,"4":0,"5":0,"6":0,"7":0,"8":0,"9":0,"10":0,"11":0,"12":0,"13":40,"14":40,"15":40},"b":{"1":[0,0],"2":[0,0],"3":[40,0]},"f":{"1":0,"2":0,"3":0,"4":0,"5":0,"6":0,"7":0,"8":0,"9":40},"fnMap":{"1":{"name":"getPartialAmount","line":10,"loc":{"start":{"line":10,"column":4},"end":{"line":20,"column":5}}},"2":{"name":"max64","line":24,"loc":{"start":{"line":24,"column":4},"end":{"line":31,"column":5}}},"3":{"name":"min64","line":35,"loc":{"start":{"line":35,"column":4},"end":{"line":42,"column":5}}},"4":{"name":"max256","line":46,"loc":{"start":{"line":46,"column":4},"end":{"line":53,"column":5}}},"5":{"name":"min256","line":57,"loc":{"start":{"line":57,"column":4},"end":{"line":64,"column":5}}},"6":{"name":"mul","line":68,"loc":{"start":{"line":68,"column":4},"end":{"line":75,"column":5}}},"7":{"name":"div","line":81,"loc":{"start":{"line":81,"column":4},"end":{"line":88,"column":5}}},"8":{"name":"sub","line":95,"loc":{"start":{"line":95,"column":4},"end":{"line":102,"column":5}}},"9":{"name":"add","line":107,"loc":{"start":{"line":107,"column":4},"end":{"line":114,"column":5}}}},"statementMap":{"1":{"start":{"line":21,"column":8},"end":{"line":21,"column":55}},"2":{"start":{"line":32,"column":8},"end":{"line":32,"column":29}},"3":{"start":{"line":43,"column":8},"end":{"line":43,"column":28}},"4":{"start":{"line":54,"column":8},"end":{"line":54,"column":29}},"5":{"start":{"line":65,"column":8},"end":{"line":65,"column":28}},"6":{"start":{"line":76,"column":8},"end":{"line":76,"column":24}},"7":{"start":{"line":77,"column":8},"end":{"line":77,"column":35}},"8":{"start":{"line":78,"column":8},"end":{"line":78,"column":16}},"9":{"start":{"line":90,"column":8},"end":{"line":90,"column":24}},"10":{"start":{"line":92,"column":8},"end":{"line":92,"column":16}},"11":{"start":{"line":103,"column":8},"end":{"line":103,"column":21}},"12":{"start":{"line":104,"column":8},"end":{"line":104,"column":20}},"13":{"start":{"line":115,"column":8},"end":{"line":115,"column":24}},"14":{"start":{"line":116,"column":8},"end":{"line":116,"column":21}},"15":{"start":{"line":117,"column":8},"end":{"line":117,"column":16}}},"branchMap":{"1":{"line":77,"type":"if","locations":[{"start":{"line":77,"column":8},"end":{"line":77,"column":8}},{"start":{"line":77,"column":8},"end":{"line":77,"column":8}}]},"2":{"line":103,"type":"if","locations":[{"start":{"line":103,"column":8},"end":{"line":103,"column":8}},{"start":{"line":103,"column":8},"end":{"line":103,"column":8}}]},"3":{"line":116,"type":"if","locations":[{"start":{"line":116,"column":8},"end":{"line":116,"column":8}},{"start":{"line":116,"column":8},"end":{"line":116,"column":8}}]}}},"contracts/lib/TokenInteract.sol":{"l":{"19":0,"29":0,"39":0},"path":"/Users/antonio/src/dydx/protocol/contracts/lib/TokenInteract.sol","s":{"1":0,"2":0,"3":0},"b":{"1":[0,0],"2":[0,0]},"f":{"1":0,"2":0,"3":0},"fnMap":{"1":{"name":"balanceOf","line":10,"loc":{"start":{"line":10,"column":4},"end":{"line":17,"column":5}}},"2":{"name":"setAllowance","line":23,"loc":{"start":{"line":23,"column":4},"end":{"line":29,"column":5}}},"3":{"name":"transfer","line":33,"loc":{"start":{"line":33,"column":4},"end":{"line":39,"column":5}}}},"statementMap":{"1":{"start":{"line":20,"column":8},"end":{"line":20,"column":78}},"2":{"start":{"line":30,"column":8},"end":{"line":30,"column":51}},"3":{"start":{"line":40,"column":8},"end":{"line":40,"column":48}}},"branchMap":{"1":{"line":30,"type":"if","locations":[{"start":{"line":30,"column":8},"end":{"line":30,"column":8}},{"start":{"line":30,"column":8},"end":{"line":30,"column":8}}]},"2":{"line":40,"type":"if","locations":[{"start":{"line":40,"column":8},"end":{"line":40,"column":8}},{"start":{"line":40,"column":8},"end":{"line":40,"column":8}}]}}},"contracts/option/CoveredOption.sol":{"l":{"136":0,"137":0,"138":0,"139":0,"140":0,"141":0,"142":0,"198":0,"199":0,"202":0,"204":0,"207":0,"212":0,"215":0,"233":0,"239":0,"240":0,"243":0,"244":0,"248":0,"249":0,"255":0,"263":0,"270":0,"271":0,"273":0,"275":0,"301":0,"303":0,"304":0,"305":0,"309":0,"315":0,"320":0,"323":0,"326":0,"330":0,"331":0,"332":0,"334":0,"336":0,"364":0,"365":0,"366":0,"369":0,"374":0,"379":0,"387":0,"388":0,"390":0,"391":0,"395":0,"397":0,"399":0,"418":0,"419":0,"421":0,"422":0,"424":0,"425":0,"428":0,"429":0,"432":0,"435":0,"436":0,"438":0,"453":0,"454":0,"455":0,"456":0,"457":0,"459":0,"470":0,"471":0,"472":0,"473":0,"474":0,"475":0,"477":0,"487":0,"488":0,"489":0,"495":0,"503":0,"512":0,"519":0,"526":0},"path":"/Users/antonio/src/dydx/protocol/contracts/option/CoveredOption.sol","s":{"1":0,"2":0,"3":0,"4":0,"5":0,"6":0,"7":0,"8":0,"9":0,"10":0,"11":0,"12":0,"13":0,"14":0,"15":0,"16":0,"17":0,"18":0,"19":0,"20":0,"21":0,"22":0,"23":0,"24":0,"25":0,"26":0,"27":0,"28":0,"29":0,"30":0,"31":0,"32":0,"33":0,"34":0,"35":0,"36":0,"37":0,"38":0,"39":0,"40":0,"41":0,"42":0,"43":0,"44":0,"45":0,"46":0,"47":0,"48":0,"49":0,"50":0,"51":0,"52":0,"53":0,"54":0,"55":0,"56":0,"57":0,"58":0,"59":0,"60":0,"61":0,"62":0,"63":0,"64":0,"65":0,"66":0,"67":0,"68":0,"69":0,"70":0,"71":0,"72":0,"73":0,"74":0,"75":0,"76":0,"77":0,"78":0,"79":0,"80":0,"81":0,"82":0,"83":0,"84":0,"85":0,"86":0,"87":0,"88":0},"b":{"1":[0,0],"2":[0,0],"3":[0,0],"4":[0,0],"5":[0,0],"6":[0,0],"7":[0,0],"8":[0,0],"9":[0,0],"10":[0,0],"11":[0,0],"12":[0,0],"13":[0,0],"14":[0,0],"15":[0,0],"16":[0,0],"17":[0,0],"18":[0,0],"19":[0,0],"20":[0,0],"21":[0,0],"22":[0,0],"23":[0,0]},"f":{"1":0,"2":0,"3":0,"4":0,"5":0,"6":0,"7":0,"8":0,"9":0,"10":0,"11":0,"12":0,"13":0,"14":0},"fnMap":{"1":{"name":"CoveredOption","line":127,"loc":{"start":{"line":127,"column":4},"end":{"line":135,"column":14}}},"2":{"name":"buy","line":188,"loc":{"start":{"line":188,"column":4},"end":{"line":197,"column":7}}},"3":{"name":"exercise","line":296,"loc":{"start":{"line":296,"column":4},"end":{"line":300,"column":7}}},"4":{"name":"withdraw","line":357,"loc":{"start":{"line":357,"column":4},"end":{"line":362,"column":7}}},"5":{"name":"recover","line":414,"loc":{"start":{"line":414,"column":4},"end":{"line":416,"column":16}}},"6":{"name":"transfer","line":447,"loc":{"start":{"line":447,"column":4},"end":{"line":452,"column":7}}},"7":{"name":"transferFrom","line":463,"loc":{"start":{"line":463,"column":4},"end":{"line":469,"column":7}}},"8":{"name":"approve","line":481,"loc":{"start":{"line":481,"column":4},"end":{"line":486,"column":7}}},"9":{"name":"totalSupply","line":492,"loc":{"start":{"line":492,"column":4},"end":{"line":494,"column":7}}},"10":{"name":"balanceOf","line":498,"loc":{"start":{"line":498,"column":4},"end":{"line":502,"column":7}}},"11":{"name":"allowance","line":506,"loc":{"start":{"line":506,"column":4},"end":{"line":511,"column":7}}},"12":{"name":"name","line":516,"loc":{"start":{"line":516,"column":4},"end":{"line":518,"column":7}}},"13":{"name":"symbol","line":523,"loc":{"start":{"line":523,"column":4},"end":{"line":525,"column":7}}},"14":{"name":"decimals","line":531,"loc":{"start":{"line":531,"column":4},"end":{"line":533,"column":7}}}},"statementMap":{"1":{"start":{"line":136,"column":8},"end":{"line":136,"column":41}},"2":{"start":{"line":137,"column":8},"end":{"line":137,"column":29}},"3":{"start":{"line":138,"column":8},"end":{"line":138,"column":49}},"4":{"start":{"line":139,"column":8},"end":{"line":139,"column":61}},"5":{"start":{"line":140,"column":8},"end":{"line":140,"column":49}},"6":{"start":{"line":141,"column":8},"end":{"line":141,"column":27}},"7":{"start":{"line":142,"column":8},"end":{"line":142,"column":21}},"8":{"start":{"line":198,"column":8},"end":{"line":198,"column":34}},"9":{"start":{"line":199,"column":8},"end":{"line":199,"column":53}},"10":{"start":{"line":202,"column":8},"end":{"line":202,"column":19}},"11":{"start":{"line":204,"column":8},"end":{"line":204,"column":41}},"12":{"start":{"line":207,"column":8},"end":{"line":207,"column":6764}},"13":{"start":{"line":212,"column":8},"end":{"line":212,"column":19}},"14":{"start":{"line":215,"column":8},"end":{"line":215,"column":7073}},"15":{"start":{"line":233,"column":8},"end":{"line":233,"column":7501}},"16":{"start":{"line":239,"column":8},"end":{"line":239,"column":27}},"17":{"start":{"line":240,"column":8},"end":{"line":240,"column":33}},"18":{"start":{"line":243,"column":8},"end":{"line":243,"column":70}},"19":{"start":{"line":244,"column":8},"end":{"line":244,"column":60}},"20":{"start":{"line":248,"column":8},"end":{"line":248,"column":8007}},"21":{"start":{"line":249,"column":12},"end":{"line":249,"column":27}},"22":{"start":{"line":255,"column":12},"end":{"line":255,"column":8224}},"23":{"start":{"line":263,"column":12},"end":{"line":263,"column":35}},"24":{"start":{"line":270,"column":8},"end":{"line":270,"column":54}},"25":{"start":{"line":271,"column":8},"end":{"line":271,"column":54}},"26":{"start":{"line":273,"column":8},"end":{"line":273,"column":71}},"27":{"start":{"line":275,"column":8},"end":{"line":275,"column":28}},"28":{"start":{"line":301,"column":8},"end":{"line":301,"column":26}},"29":{"start":{"line":303,"column":8},"end":{"line":303,"column":45}},"30":{"start":{"line":304,"column":8},"end":{"line":304,"column":33}},"31":{"start":{"line":305,"column":8},"end":{"line":305,"column":53}},"32":{"start":{"line":309,"column":8},"end":{"line":309,"column":10258}},"33":{"start":{"line":315,"column":8},"end":{"line":315,"column":39}},"34":{"start":{"line":320,"column":8},"end":{"line":320,"column":50}},"35":{"start":{"line":323,"column":8},"end":{"line":323,"column":19}},"36":{"start":{"line":326,"column":8},"end":{"line":326,"column":67}},"37":{"start":{"line":330,"column":8},"end":{"line":330,"column":51}},"38":{"start":{"line":331,"column":8},"end":{"line":331,"column":47}},"39":{"start":{"line":332,"column":8},"end":{"line":332,"column":64}},"40":{"start":{"line":334,"column":8},"end":{"line":334,"column":52}},"41":{"start":{"line":336,"column":8},"end":{"line":336,"column":35}},"42":{"start":{"line":364,"column":8},"end":{"line":364,"column":40}},"43":{"start":{"line":365,"column":8},"end":{"line":365,"column":53}},"44":{"start":{"line":366,"column":8},"end":{"line":366,"column":27}},"45":{"start":{"line":369,"column":8},"end":{"line":369,"column":26}},"46":{"start":{"line":374,"column":8},"end":{"line":374,"column":12618}},"47":{"start":{"line":379,"column":8},"end":{"line":379,"column":12756}},"48":{"start":{"line":387,"column":8},"end":{"line":387,"column":12983}},"49":{"start":{"line":388,"column":12},"end":{"line":388,"column":82}},"50":{"start":{"line":390,"column":8},"end":{"line":390,"column":13119}},"51":{"start":{"line":391,"column":12},"end":{"line":391,"column":70}},"52":{"start":{"line":395,"column":8},"end":{"line":395,"column":52}},"53":{"start":{"line":397,"column":8},"end":{"line":397,"column":74}},"54":{"start":{"line":399,"column":8},"end":{"line":399,"column":55}},"55":{"start":{"line":418,"column":8},"end":{"line":418,"column":26}},"56":{"start":{"line":419,"column":8},"end":{"line":419,"column":53}},"57":{"start":{"line":421,"column":8},"end":{"line":421,"column":44}},"58":{"start":{"line":422,"column":8},"end":{"line":422,"column":45}},"59":{"start":{"line":424,"column":8},"end":{"line":424,"column":33}},"60":{"start":{"line":425,"column":8},"end":{"line":425,"column":33}},"61":{"start":{"line":428,"column":8},"end":{"line":428,"column":49}},"62":{"start":{"line":429,"column":8},"end":{"line":429,"column":50}},"63":{"start":{"line":432,"column":8},"end":{"line":432,"column":67}},"64":{"start":{"line":435,"column":8},"end":{"line":435,"column":47}},"65":{"start":{"line":436,"column":8},"end":{"line":436,"column":47}},"66":{"start":{"line":438,"column":8},"end":{"line":438,"column":52}},"67":{"start":{"line":453,"column":8},"end":{"line":453,"column":15108}},"68":{"start":{"line":454,"column":12},"end":{"line":454,"column":66}},"69":{"start":{"line":455,"column":12},"end":{"line":455,"column":50}},"70":{"start":{"line":456,"column":12},"end":{"line":456,"column":42}},"71":{"start":{"line":457,"column":12},"end":{"line":457,"column":23}},"72":{"start":{"line":459,"column":12},"end":{"line":459,"column":24}},"73":{"start":{"line":470,"column":8},"end":{"line":470,"column":15540}},"74":{"start":{"line":471,"column":12},"end":{"line":471,"column":50}},"75":{"start":{"line":472,"column":12},"end":{"line":472,"column":54}},"76":{"start":{"line":473,"column":12},"end":{"line":473,"column":76}},"77":{"start":{"line":474,"column":12},"end":{"line":474,"column":36}},"78":{"start":{"line":475,"column":12},"end":{"line":475,"column":23}},"79":{"start":{"line":477,"column":12},"end":{"line":477,"column":24}},"80":{"start":{"line":487,"column":6},"end":{"line":487,"column":41}},"81":{"start":{"line":488,"column":6},"end":{"line":488,"column":41}},"82":{"start":{"line":489,"column":6},"end":{"line":489,"column":17}},"83":{"start":{"line":495,"column":8},"end":{"line":495,"column":27}},"84":{"start":{"line":503,"column":8},"end":{"line":503,"column":28}},"85":{"start":{"line":512,"column":8},"end":{"line":512,"column":38}},"86":{"start":{"line":519,"column":8},"end":{"line":519,"column":36}},"87":{"start":{"line":526,"column":8},"end":{"line":526,"column":21}},"88":{"start":{"line":534,"column":8},"end":{"line":534,"column":17}}},"branchMap":{"1":{"line":198,"type":"if","locations":[{"start":{"line":198,"column":8},"end":{"line":198,"column":8}},{"start":{"line":198,"column":8},"end":{"line":198,"column":8}}]},"2":{"line":199,"type":"if","locations":[{"start":{"line":199,"column":8},"end":{"line":199,"column":8}},{"start":{"line":199,"column":8},"end":{"line":199,"column":8}}]},"3":{"line":239,"type":"if","locations":[{"start":{"line":239,"column":8},"end":{"line":239,"column":8}},{"start":{"line":239,"column":8},"end":{"line":239,"column":8}}]},"4":{"line":240,"type":"if","locations":[{"start":{"line":240,"column":8},"end":{"line":240,"column":8}},{"start":{"line":240,"column":8},"end":{"line":240,"column":8}}]},"5":{"line":248,"type":"if","locations":[{"start":{"line":248,"column":8},"end":{"line":248,"column":8}},{"start":{"line":248,"column":8},"end":{"line":248,"column":8}}]},"6":{"line":301,"type":"if","locations":[{"start":{"line":301,"column":8},"end":{"line":301,"column":8}},{"start":{"line":301,"column":8},"end":{"line":301,"column":8}}]},"7":{"line":304,"type":"if","locations":[{"start":{"line":304,"column":8},"end":{"line":304,"column":8}},{"start":{"line":304,"column":8},"end":{"line":304,"column":8}}]},"8":{"line":305,"type":"if","locations":[{"start":{"line":305,"column":8},"end":{"line":305,"column":8}},{"start":{"line":305,"column":8},"end":{"line":305,"column":8}}]},"9":{"line":315,"type":"if","locations":[{"start":{"line":315,"column":8},"end":{"line":315,"column":8}},{"start":{"line":315,"column":8},"end":{"line":315,"column":8}}]},"10":{"line":326,"type":"if","locations":[{"start":{"line":326,"column":8},"end":{"line":326,"column":8}},{"start":{"line":326,"column":8},"end":{"line":326,"column":8}}]},"11":{"line":365,"type":"if","locations":[{"start":{"line":365,"column":8},"end":{"line":365,"column":8}},{"start":{"line":365,"column":8},"end":{"line":365,"column":8}}]},"12":{"line":366,"type":"if","locations":[{"start":{"line":366,"column":8},"end":{"line":366,"column":8}},{"start":{"line":366,"column":8},"end":{"line":366,"column":8}}]},"13":{"line":387,"type":"if","locations":[{"start":{"line":387,"column":8},"end":{"line":387,"column":8}},{"start":{"line":387,"column":8},"end":{"line":387,"column":8}}]},"14":{"line":388,"type":"if","locations":[{"start":{"line":388,"column":12},"end":{"line":388,"column":12}},{"start":{"line":388,"column":12},"end":{"line":388,"column":12}}]},"15":{"line":390,"type":"if","locations":[{"start":{"line":390,"column":8},"end":{"line":390,"column":8}},{"start":{"line":390,"column":8},"end":{"line":390,"column":8}}]},"16":{"line":391,"type":"if","locations":[{"start":{"line":391,"column":12},"end":{"line":391,"column":12}},{"start":{"line":391,"column":12},"end":{"line":391,"column":12}}]},"17":{"line":418,"type":"if","locations":[{"start":{"line":418,"column":8},"end":{"line":418,"column":8}},{"start":{"line":418,"column":8},"end":{"line":418,"column":8}}]},"18":{"line":419,"type":"if","locations":[{"start":{"line":419,"column":8},"end":{"line":419,"column":8}},{"start":{"line":419,"column":8},"end":{"line":419,"column":8}}]},"19":{"line":424,"type":"if","locations":[{"start":{"line":424,"column":8},"end":{"line":424,"column":8}},{"start":{"line":424,"column":8},"end":{"line":424,"column":8}}]},"20":{"line":425,"type":"if","locations":[{"start":{"line":425,"column":8},"end":{"line":425,"column":8}},{"start":{"line":425,"column":8},"end":{"line":425,"column":8}}]},"21":{"line":432,"type":"if","locations":[{"start":{"line":432,"column":8},"end":{"line":432,"column":8}},{"start":{"line":432,"column":8},"end":{"line":432,"column":8}}]},"22":{"line":453,"type":"if","locations":[{"start":{"line":453,"column":8},"end":{"line":453,"column":8}},{"start":{"line":453,"column":8},"end":{"line":453,"column":8}}]},"23":{"line":470,"type":"if","locations":[{"start":{"line":470,"column":8},"end":{"line":470,"column":8}},{"start":{"line":470,"column":8},"end":{"line":470,"column":8}}]}}},"contracts/option/DerivativeCreator.sol":{"l":{"43":0,"44":0,"76":0,"77":0,"83":0,"90":0,"99":0,"101":0,"111":0,"113":0,"115":0,"145":0,"154":0,"164":0,"170":0},"path":"/Users/antonio/src/dydx/protocol/contracts/option/DerivativeCreator.sol","s":{"1":0,"2":0,"3":0,"4":0,"5":0,"6":0,"7":0,"8":0,"9":0,"10":0,"11":0,"12":0,"13":0,"14":0,"15":0},"b":{"1":[0,0],"2":[0,0],"3":[0,0],"4":[0,0]},"f":{"1":0,"2":0,"3":0,"4":0,"5":0},"fnMap":{"1":{"name":"DerivativeCreator","line":39,"loc":{"start":{"line":39,"column":4},"end":{"line":42,"column":24}}},"2":{"name":"createCoveredOption","line":66,"loc":{"start":{"line":66,"column":4},"end":{"line":74,"column":7}}},"3":{"name":"getCoveredOption","line":136,"loc":{"start":{"line":136,"column":4},"end":{"line":144,"column":7}}},"4":{"name":"updateExchange","line":161,"loc":{"start":{"line":161,"column":4},"end":{"line":163,"column":24}}},"5":{"name":"updateProxy","line":167,"loc":{"start":{"line":167,"column":4},"end":{"line":169,"column":24}}}},"statementMap":{"1":{"start":{"line":43,"column":8},"end":{"line":43,"column":21}},"2":{"start":{"line":44,"column":8},"end":{"line":44,"column":27}},"3":{"start":{"line":76,"column":8},"end":{"line":76,"column":2685}},"4":{"start":{"line":77,"column":12},"end":{"line":77,"column":2756}},"5":{"start":{"line":83,"column":12},"end":{"line":83,"column":2972}},"6":{"start":{"line":90,"column":8},"end":{"line":90,"column":3174}},"7":{"start":{"line":99,"column":8},"end":{"line":99,"column":58}},"8":{"start":{"line":101,"column":8},"end":{"line":101,"column":3477}},"9":{"start":{"line":111,"column":8},"end":{"line":111,"column":44}},"10":{"start":{"line":113,"column":8},"end":{"line":113,"column":19}},"11":{"start":{"line":115,"column":8},"end":{"line":115,"column":21}},"12":{"start":{"line":145,"column":8},"end":{"line":145,"column":5257}},"13":{"start":{"line":154,"column":8},"end":{"line":154,"column":43}},"14":{"start":{"line":164,"column":8},"end":{"line":164,"column":27}},"15":{"start":{"line":170,"column":8},"end":{"line":170,"column":21}}},"branchMap":{"1":{"line":76,"type":"if","locations":[{"start":{"line":76,"column":8},"end":{"line":76,"column":8}},{"start":{"line":76,"column":8},"end":{"line":76,"column":8}}]},"2":{"line":77,"type":"if","locations":[{"start":{"line":77,"column":12},"end":{"line":77,"column":12}},{"start":{"line":77,"column":12},"end":{"line":77,"column":12}}]},"3":{"line":83,"type":"if","locations":[{"start":{"line":83,"column":12},"end":{"line":83,"column":12}},{"start":{"line":83,"column":12},"end":{"line":83,"column":12}}]},"4":{"line":99,"type":"if","locations":[{"start":{"line":99,"column":8},"end":{"line":99,"column":8}},{"start":{"line":99,"column":8},"end":{"line":99,"column":8}}]}}},"contracts/shared/Exchange.sol":{"l":{"92":1,"143":0,"161":0,"163":0,"173":0,"174":0,"175":0,"178":0,"182":0,"183":0,"184":0,"185":0,"188":0,"195":0,"196":0,"201":0,"206":0,"211":0,"217":0,"227":0,"228":0,"233":0,"237":0,"243":0,"252":0,"253":0,"254":0,"261":0,"262":0,"273":0,"283":0,"299":0,"315":0,"317":0,"318":0,"319":0,"322":0,"326":0,"327":0,"328":0,"329":0,"332":0,"334":0,"348":0,"374":0,"385":0,"409":0,"410":0,"421":0,"443":0,"444":0,"455":0,"479":0,"480":0,"482":0,"494":0,"495":0,"498":0,"514":0,"515":0,"521":0,"539":0,"574":0,"595":0,"607":0,"628":0,"653":0,"655":0,"656":0,"657":0,"659":0,"663":0,"668":0,"674":0,"677":0,"684":0,"686":0,"693":0,"701":0,"704":0,"718":0,"732":0,"742":0},"path":"/Users/antonio/src/dydx/protocol/contracts/shared/Exchange.sol","s":{"1":1,"2":0,"3":0,"4":0,"5":0,"6":0,"7":0,"8":0,"9":0,"10":0,"11":0,"12":0,"13":0,"14":0,"15":0,"16":0,"17":0,"18":0,"19":0,"20":0,"21":0,"22":0,"23":0,"24":0,"25":0,"26":0,"27":0,"28":0,"29":0,"30":0,"31":0,"32":0,"33":0,"34":0,"35":0,"36":0,"37":0,"38":0,"39":0,"40":0,"41":0,"42":0,"43":0,"44":0,"45":0,"46":0,"47":0,"48":0,"49":0,"50":0,"51":0,"52":0,"53":0,"54":0,"55":0,"56":0,"57":0,"58":0,"59":0,"60":0,"61":0,"62":0,"63":0,"64":0,"65":0,"66":0,"67":0,"68":0,"69":0,"70":0,"71":0,"72":0,"73":0,"74":0,"75":0,"76":0,"77":0,"78":0,"79":0,"80":0,"81":0,"82":0,"83":0,"84":0},"b":{"1":[0,0],"2":[0,0],"3":[0,0],"4":[0,0],"5":[0,0],"6":[0,0],"7":[0,0],"8":[0,0],"9":[0,0],"10":[0,0],"11":[0,0],"12":[0,0],"13":[0,0],"14":[0,0],"15":[0,0],"16":[0,0],"17":[0,0],"18":[0,0],"19":[0,0],"20":[0,0],"21":[0,0],"22":[0,0],"23":[0,0]},"f":{"1":1,"2":0,"3":0,"4":0,"5":0,"6":0,"7":0,"8":0,"9":0,"10":0,"11":0,"12":0,"13":0,"14":0,"15":0,"16":0,"17":0},"fnMap":{"1":{"name":"Exchange","line":91,"loc":{"start":{"line":91,"column":4},"end":{"line":91,"column":51}}},"2":{"name":"fillOrder","line":129,"loc":{"start":{"line":129,"column":4},"end":{"line":140,"column":5}}},"3":{"name":"cancelOrder","line":291,"loc":{"start":{"line":291,"column":4},"end":{"line":298,"column":5}}},"4":{"name":"fillOrKillOrder","line":363,"loc":{"start":{"line":363,"column":4},"end":{"line":373,"column":5}}},"5":{"name":"batchFillOrders","line":397,"loc":{"start":{"line":397,"column":4},"end":{"line":408,"column":5}}},"6":{"name":"batchFillOrKillOrders","line":432,"loc":{"start":{"line":432,"column":4},"end":{"line":442,"column":5}}},"7":{"name":"fillOrdersUpTo","line":467,"loc":{"start":{"line":467,"column":4},"end":{"line":478,"column":5}}},"8":{"name":"batchCancelOrders","line":506,"loc":{"start":{"line":506,"column":4},"end":{"line":513,"column":5}}},"9":{"name":"getOrderHash","line":532,"loc":{"start":{"line":532,"column":4},"end":{"line":539,"column":5}}},"10":{"name":"isValidSignature","line":565,"loc":{"start":{"line":565,"column":4},"end":{"line":575,"column":5}}},"11":{"name":"isRoundingError","line":589,"loc":{"start":{"line":589,"column":4},"end":{"line":597,"column":5}}},"12":{"name":"getUnavailableTakerTokenAmount","line":604,"loc":{"start":{"line":604,"column":4},"end":{"line":610,"column":5}}},"13":{"name":"transferViaProxy","line":624,"loc":{"start":{"line":624,"column":4},"end":{"line":631,"column":5}}},"14":{"name":"isTransferable","line":647,"loc":{"start":{"line":647,"column":4},"end":{"line":657,"column":5}}},"15":{"name":"getBalance","line":716,"loc":{"start":{"line":716,"column":4},"end":{"line":723,"column":5}}},"16":{"name":"getAllowance","line":731,"loc":{"start":{"line":731,"column":4},"end":{"line":738,"column":5}}},"17":{"name":"logFillEvent","line":743,"loc":{"start":{"line":743,"column":4},"end":{"line":748,"column":5}}}},"statementMap":{"1":{"start":{"line":92,"column":8},"end":{"line":92,"column":39}},"2":{"start":{"line":143,"column":8},"end":{"line":143,"column":4554}},"3":{"start":{"line":161,"column":8},"end":{"line":161,"column":70}},"4":{"start":{"line":163,"column":8},"end":{"line":163,"column":5290}},"5":{"start":{"line":173,"column":8},"end":{"line":173,"column":5481}},"6":{"start":{"line":174,"column":12},"end":{"line":174,"column":57}},"7":{"start":{"line":175,"column":12},"end":{"line":175,"column":20}},"8":{"start":{"line":178,"column":8},"end":{"line":178,"column":5639}},"9":{"start":{"line":182,"column":8},"end":{"line":182,"column":87}},"10":{"start":{"line":183,"column":8},"end":{"line":183,"column":5882}},"11":{"start":{"line":184,"column":12},"end":{"line":184,"column":75}},"12":{"start":{"line":185,"column":12},"end":{"line":185,"column":20}},"13":{"start":{"line":188,"column":8},"end":{"line":188,"column":6036}},"14":{"start":{"line":195,"column":12},"end":{"line":195,"column":68}},"15":{"start":{"line":196,"column":12},"end":{"line":196,"column":20}},"16":{"start":{"line":201,"column":8},"end":{"line":201,"column":6357}},"17":{"start":{"line":206,"column":8},"end":{"line":206,"column":6531}},"18":{"start":{"line":211,"column":8},"end":{"line":211,"column":6687}},"19":{"start":{"line":217,"column":8},"end":{"line":217,"column":6844}},"20":{"start":{"line":227,"column":12},"end":{"line":227,"column":77}},"21":{"start":{"line":228,"column":12},"end":{"line":228,"column":20}},"22":{"start":{"line":233,"column":8},"end":{"line":233,"column":85}},"23":{"start":{"line":237,"column":8},"end":{"line":237,"column":7397}},"24":{"start":{"line":243,"column":8},"end":{"line":243,"column":7548}},"25":{"start":{"line":252,"column":8},"end":{"line":252,"column":7726}},"26":{"start":{"line":253,"column":12},"end":{"line":253,"column":7782}},"27":{"start":{"line":254,"column":16},"end":{"line":254,"column":7828}},"28":{"start":{"line":261,"column":12},"end":{"line":261,"column":8034}},"29":{"start":{"line":262,"column":16},"end":{"line":262,"column":8080}},"30":{"start":{"line":273,"column":8},"end":{"line":273,"column":8310}},"31":{"start":{"line":283,"column":8},"end":{"line":283,"column":37}},"32":{"start":{"line":299,"column":8},"end":{"line":299,"column":9221}},"33":{"start":{"line":315,"column":8},"end":{"line":315,"column":41}},"34":{"start":{"line":317,"column":8},"end":{"line":317,"column":9901}},"35":{"start":{"line":318,"column":12},"end":{"line":318,"column":57}},"36":{"start":{"line":319,"column":12},"end":{"line":319,"column":20}},"37":{"start":{"line":322,"column":8},"end":{"line":322,"column":10059}},"38":{"start":{"line":326,"column":8},"end":{"line":326,"column":92}},"39":{"start":{"line":327,"column":8},"end":{"line":327,"column":10307}},"40":{"start":{"line":328,"column":12},"end":{"line":328,"column":75}},"41":{"start":{"line":329,"column":12},"end":{"line":329,"column":20}},"42":{"start":{"line":332,"column":8},"end":{"line":332,"column":94}},"43":{"start":{"line":334,"column":8},"end":{"line":334,"column":10562}},"44":{"start":{"line":348,"column":8},"end":{"line":348,"column":40}},"45":{"start":{"line":374,"column":8},"end":{"line":374,"column":11974}},"46":{"start":{"line":385,"column":8},"end":{"line":385,"column":19}},"47":{"start":{"line":409,"column":8},"end":{"line":409,"column":13252}},"48":{"start":{"line":410,"column":12},"end":{"line":410,"column":13319}},"49":{"start":{"line":421,"column":8},"end":{"line":421,"column":19}},"50":{"start":{"line":443,"column":8},"end":{"line":443,"column":14497}},"51":{"start":{"line":444,"column":12},"end":{"line":444,"column":14564}},"52":{"start":{"line":455,"column":8},"end":{"line":455,"column":19}},"53":{"start":{"line":479,"column":8},"end":{"line":479,"column":33}},"54":{"start":{"line":480,"column":8},"end":{"line":480,"column":15968}},"55":{"start":{"line":481,"column":12},"end":{"line":481,"column":64}},"56":{"start":{"line":482,"column":12},"end":{"line":482,"column":16148}},"57":{"start":{"line":494,"column":12},"end":{"line":494,"column":16578}},"58":{"start":{"line":498,"column":8},"end":{"line":498,"column":37}},"59":{"start":{"line":514,"column":8},"end":{"line":514,"column":17326}},"60":{"start":{"line":515,"column":12},"end":{"line":515,"column":17393}},"61":{"start":{"line":521,"column":8},"end":{"line":521,"column":19}},"62":{"start":{"line":540,"column":8},"end":{"line":540,"column":18174}},"63":{"start":{"line":576,"column":8},"end":{"line":576,"column":19372}},"64":{"start":{"line":598,"column":8},"end":{"line":598,"column":78}},"65":{"start":{"line":611,"column":8},"end":{"line":611,"column":59}},"66":{"start":{"line":632,"column":8},"end":{"line":632,"column":28}},"67":{"start":{"line":658,"column":8},"end":{"line":658,"column":33}},"68":{"start":{"line":660,"column":8},"end":{"line":660,"column":21802}},"69":{"start":{"line":661,"column":12},"end":{"line":661,"column":78}},"70":{"start":{"line":662,"column":12},"end":{"line":662,"column":78}},"71":{"start":{"line":664,"column":12},"end":{"line":664,"column":22036}},"72":{"start":{"line":668,"column":12},"end":{"line":668,"column":22202}},"73":{"start":{"line":673,"column":12},"end":{"line":673,"column":22354}},"74":{"start":{"line":679,"column":16},"end":{"line":679,"column":28}},"75":{"start":{"line":682,"column":12},"end":{"line":682,"column":22773}},"76":{"start":{"line":689,"column":16},"end":{"line":689,"column":28}},"77":{"start":{"line":691,"column":12},"end":{"line":691,"column":23102}},"78":{"start":{"line":698,"column":16},"end":{"line":698,"column":28}},"79":{"start":{"line":700,"column":15},"end":{"line":700,"column":23418}},"80":{"start":{"line":706,"column":12},"end":{"line":706,"column":24}},"81":{"start":{"line":709,"column":8},"end":{"line":709,"column":19}},"82":{"start":{"line":724,"column":8},"end":{"line":724,"column":44}},"83":{"start":{"line":739,"column":8},"end":{"line":739,"column":60}},"84":{"start":{"line":749,"column":8},"end":{"line":749,"column":24757}}},"branchMap":{"1":{"line":161,"type":"if","locations":[{"start":{"line":161,"column":8},"end":{"line":161,"column":8}},{"start":{"line":161,"column":8},"end":{"line":161,"column":8}}]},"2":{"line":163,"type":"if","locations":[{"start":{"line":163,"column":8},"end":{"line":163,"column":8}},{"start":{"line":163,"column":8},"end":{"line":163,"column":8}}]},"3":{"line":173,"type":"if","locations":[{"start":{"line":173,"column":8},"end":{"line":173,"column":8}},{"start":{"line":173,"column":8},"end":{"line":173,"column":8}}]},"4":{"line":183,"type":"if","locations":[{"start":{"line":183,"column":8},"end":{"line":183,"column":8}},{"start":{"line":183,"column":8},"end":{"line":183,"column":8}}]},"5":{"line":188,"type":"if","locations":[{"start":{"line":188,"column":8},"end":{"line":188,"column":8}},{"start":{"line":188,"column":8},"end":{"line":188,"column":8}}]},"6":{"line":217,"type":"if","locations":[{"start":{"line":217,"column":8},"end":{"line":217,"column":8}},{"start":{"line":217,"column":8},"end":{"line":217,"column":8}}]},"7":{"line":252,"type":"if","locations":[{"start":{"line":252,"column":8},"end":{"line":252,"column":8}},{"start":{"line":252,"column":8},"end":{"line":252,"column":8}}]},"8":{"line":253,"type":"if","locations":[{"start":{"line":253,"column":12},"end":{"line":253,"column":12}},{"start":{"line":253,"column":12},"end":{"line":253,"column":12}}]},"9":{"line":261,"type":"if","locations":[{"start":{"line":261,"column":12},"end":{"line":261,"column":12}},{"start":{"line":261,"column":12},"end":{"line":261,"column":12}}]},"10":{"line":315,"type":"if","locations":[{"start":{"line":315,"column":8},"end":{"line":315,"column":8}},{"start":{"line":315,"column":8},"end":{"line":315,"column":8}}]},"11":{"line":317,"type":"if","locations":[{"start":{"line":317,"column":8},"end":{"line":317,"column":8}},{"start":{"line":317,"column":8},"end":{"line":317,"column":8}}]},"12":{"line":327,"type":"if","locations":[{"start":{"line":327,"column":8},"end":{"line":327,"column":8}},{"start":{"line":327,"column":8},"end":{"line":327,"column":8}}]},"13":{"line":374,"type":"if","locations":[{"start":{"line":374,"column":8},"end":{"line":374,"column":8}},{"start":{"line":374,"column":8},"end":{"line":374,"column":8}}]},"14":{"line":444,"type":"if","locations":[{"start":{"line":444,"column":12},"end":{"line":444,"column":12}},{"start":{"line":444,"column":12},"end":{"line":444,"column":12}}]},"15":{"line":481,"type":"if","locations":[{"start":{"line":481,"column":12},"end":{"line":481,"column":12}},{"start":{"line":481,"column":12},"end":{"line":481,"column":12}}]},"16":{"line":494,"type":"if","locations":[{"start":{"line":494,"column":12},"end":{"line":494,"column":12}},{"start":{"line":494,"column":12},"end":{"line":494,"column":12}}]},"17":{"line":660,"type":"if","locations":[{"start":{"line":660,"column":8},"end":{"line":660,"column":8}},{"start":{"line":660,"column":8},"end":{"line":660,"column":8}}]},"18":{"line":664,"type":"cond-expr","locations":[{"start":{"line":664,"column":64},"end":{"line":664,"column":149}},{"start":{"line":664,"column":152},"end":{"line":664,"column":164}}]},"19":{"line":668,"type":"cond-expr","locations":[{"start":{"line":668,"column":64},"end":{"line":668,"column":149}},{"start":{"line":668,"column":152},"end":{"line":668,"column":164}}]},"20":{"line":673,"type":"if","locations":[{"start":{"line":673,"column":12},"end":{"line":673,"column":12}},{"start":{"line":673,"column":12},"end":{"line":673,"column":12}}]},"21":{"line":682,"type":"if","locations":[{"start":{"line":682,"column":12},"end":{"line":682,"column":12}},{"start":{"line":682,"column":12},"end":{"line":682,"column":12}}]},"22":{"line":691,"type":"if","locations":[{"start":{"line":691,"column":12},"end":{"line":691,"column":12}},{"start":{"line":691,"column":12},"end":{"line":691,"column":12}}]},"23":{"line":700,"type":"if","locations":[{"start":{"line":700,"column":15},"end":{"line":700,"column":15}},{"start":{"line":700,"column":15},"end":{"line":700,"column":15}}]}}},"contracts/shared/Proxy.sol":{"l":{"58":0,"59":0,"73":0,"74":0,"76":0,"90":0,"91":0,"93":0,"110":0,"111":0,"113":0,"133":0,"146":0,"160":0},"path":"/Users/antonio/src/dydx/protocol/contracts/shared/Proxy.sol","s":{"1":0,"2":0,"3":0,"4":0,"5":0,"6":0,"7":0,"8":0,"9":0,"10":0,"11":0},"b":{"1":[0,0],"2":[0,0],"3":[0,0],"4":[0,0],"5":[0,0],"6":[0,0]},"f":{"1":2,"2":0,"3":0,"4":0,"5":0,"6":0,"7":0,"8":0},"fnMap":{"1":{"name":"Proxy","line":45,"loc":{"start":{"line":45,"column":4},"end":{"line":51,"column":5}}},"2":{"name":"requiresTransferAuthorization","line":57,"loc":{"start":{"line":57,"column":4},"end":{"line":57,"column":42}}},"3":{"name":"grantTransferAuthorization","line":66,"loc":{"start":{"line":66,"column":4},"end":{"line":72,"column":5}}},"4":{"name":"revokeTransferAuthorization","line":83,"loc":{"start":{"line":83,"column":4},"end":{"line":89,"column":5}}},"5":{"name":"ownerRevokeTransferAuthorization","line":104,"loc":{"start":{"line":104,"column":4},"end":{"line":109,"column":5}}},"6":{"name":"transfer","line":124,"loc":{"start":{"line":124,"column":4},"end":{"line":132,"column":5}}},"7":{"name":"transferTo","line":136,"loc":{"start":{"line":136,"column":4},"end":{"line":145,"column":5}}},"8":{"name":"available","line":153,"loc":{"start":{"line":153,"column":4},"end":{"line":160,"column":5}}}},"statementMap":{"1":{"start":{"line":58,"column":8},"end":{"line":58,"column":46}},"2":{"start":{"line":73,"column":8},"end":{"line":73,"column":1868}},"3":{"start":{"line":74,"column":12},"end":{"line":74,"column":41}},"4":{"start":{"line":76,"column":12},"end":{"line":76,"column":1961}},"5":{"start":{"line":90,"column":8},"end":{"line":90,"column":2214}},"6":{"start":{"line":93,"column":12},"end":{"line":93,"column":2306}},"7":{"start":{"line":110,"column":8},"end":{"line":110,"column":2692}},"8":{"start":{"line":113,"column":12},"end":{"line":113,"column":2784}},"9":{"start":{"line":133,"column":8},"end":{"line":133,"column":66}},"10":{"start":{"line":146,"column":8},"end":{"line":146,"column":58}},"11":{"start":{"line":161,"column":8},"end":{"line":161,"column":3904}}},"branchMap":{"1":{"line":58,"type":"if","locations":[{"start":{"line":58,"column":8},"end":{"line":58,"column":8}},{"start":{"line":58,"column":8},"end":{"line":58,"column":8}}]},"2":{"line":73,"type":"if","locations":[{"start":{"line":73,"column":8},"end":{"line":73,"column":8}},{"start":{"line":73,"column":8},"end":{"line":73,"column":8}}]},"3":{"line":90,"type":"if","locations":[{"start":{"line":90,"column":8},"end":{"line":90,"column":8}},{"start":{"line":90,"column":8},"end":{"line":90,"column":8}}]},"4":{"line":110,"type":"if","locations":[{"start":{"line":110,"column":8},"end":{"line":110,"column":8}},{"start":{"line":110,"column":8},"end":{"line":110,"column":8}}]},"5":{"line":133,"type":"if","locations":[{"start":{"line":133,"column":8},"end":{"line":133,"column":8}},{"start":{"line":133,"column":8},"end":{"line":133,"column":8}}]},"6":{"line":146,"type":"if","locations":[{"start":{"line":146,"column":8},"end":{"line":146,"column":8}},{"start":{"line":146,"column":8},"end":{"line":146,"column":8}}]}}},"contracts/short/external/TokenizedShort.sol":{"l":{"82":0,"83":0,"87":0,"88":0,"105":0,"106":0,"107":0,"108":0,"110":0,"111":0,"112":0,"124":0,"125":0,"128":0,"130":0,"132":0,"135":0,"137":0,"139":0,"150":0,"153":0,"160":0,"166":0,"171":0,"187":0,"190":0,"192":0,"200":0,"211":0,"216":0,"224":0,"227":0,"228":0,"231":0,"232":0,"234":0,"236":0,"243":0,"244":0,"247":0,"255":0,"260":0,"272":0,"273":0,"286":0,"287":0,"290":0,"291":0,"294":0,"296":0,"298":0,"301":0,"304":0,"305":0,"308":0,"317":0,"324":0,"342":0,"343":0,"350":0,"356":0,"368":0,"383":0,"385":0},"path":"/Users/antonio/src/dydx/protocol/contracts/short/external/TokenizedShort.sol","s":{"1":0,"2":0,"3":0,"4":0,"5":0,"6":0,"7":0,"8":0,"9":0,"10":0,"11":0,"12":0,"13":0,"14":0,"15":0,"16":0,"17":0,"18":0,"19":0,"20":0,"21":0,"22":0,"23":0,"24":0,"25":0,"26":0,"27":0,"28":0,"29":0,"30":0,"31":0,"32":0,"33":0,"34":0,"35":0,"36":0,"37":0,"38":0,"39":0,"40":0,"41":0,"42":0,"43":0,"44":0,"45":0,"46":0,"47":0,"48":0,"49":0,"50":0,"51":0,"52":0,"53":0,"54":0,"55":0,"56":0,"57":0,"58":0,"59":0,"60":0,"61":0,"62":0},"b":{"1":[0,0],"2":[0,0],"3":[0,0],"4":[0,0],"5":[0,0],"6":[0,0],"7":[0,0],"8":[0,0],"9":[0,0],"10":[0,0],"11":[0,0],"12":[0,0],"13":[0,0],"14":[0,0]},"f":{"1":0,"2":0,"3":0,"4":0,"5":0,"6":0,"7":0,"8":0,"9":0,"10":0,"11":0,"12":0},"fnMap":{"1":{"name":"onlyWhileUninitialized","line":81,"loc":{"start":{"line":81,"column":4},"end":{"line":81,"column":33}}},"2":{"name":"onlyWhileOpen","line":86,"loc":{"start":{"line":86,"column":4},"end":{"line":86,"column":24}}},"3":{"name":"TokenizedShort","line":95,"loc":{"start":{"line":95,"column":4},"end":{"line":104,"column":5}}},"4":{"name":"initialize","line":119,"loc":{"start":{"line":119,"column":4},"end":{"line":123,"column":5}}},"5":{"name":"redeemDirectly","line":142,"loc":{"start":{"line":142,"column":4},"end":{"line":149,"column":5}}},"6":{"name":"redeem","line":174,"loc":{"start":{"line":174,"column":4},"end":{"line":186,"column":5}}},"7":{"name":"claimPayout","line":219,"loc":{"start":{"line":219,"column":4},"end":{"line":223,"column":5}}},"8":{"name":"decimals","line":268,"loc":{"start":{"line":268,"column":4},"end":{"line":272,"column":5}}},"9":{"name":"validateAndUpdateStateForRedeem","line":281,"loc":{"start":{"line":281,"column":4},"end":{"line":286,"column":5}}},"10":{"name":"sendPayoutAndLogEventForRedeem","line":312,"loc":{"start":{"line":312,"column":4},"end":{"line":317,"column":5}}},"11":{"name":"transferTakerFeeForRedeem","line":332,"loc":{"start":{"line":332,"column":4},"end":{"line":339,"column":5}}},"12":{"name":"getShortObject","line":365,"loc":{"start":{"line":365,"column":4},"end":{"line":369,"column":5}}}},"statementMap":{"1":{"start":{"line":82,"column":8},"end":{"line":82,"column":44}},"2":{"start":{"line":87,"column":8},"end":{"line":87,"column":35}},"3":{"start":{"line":105,"column":8},"end":{"line":105,"column":30}},"4":{"start":{"line":106,"column":8},"end":{"line":106,"column":21}},"5":{"start":{"line":107,"column":8},"end":{"line":107,"column":25}},"6":{"start":{"line":108,"column":8},"end":{"line":108,"column":34}},"7":{"start":{"line":110,"column":8},"end":{"line":110,"column":19}},"8":{"start":{"line":111,"column":8},"end":{"line":111,"column":23}},"9":{"start":{"line":112,"column":8},"end":{"line":112,"column":25}},"10":{"start":{"line":124,"column":8},"end":{"line":124,"column":44}},"11":{"start":{"line":125,"column":8},"end":{"line":125,"column":45}},"12":{"start":{"line":128,"column":8},"end":{"line":128,"column":25}},"13":{"start":{"line":130,"column":8},"end":{"line":130,"column":75}},"14":{"start":{"line":132,"column":8},"end":{"line":132,"column":38}},"15":{"start":{"line":135,"column":8},"end":{"line":135,"column":45}},"16":{"start":{"line":137,"column":8},"end":{"line":137,"column":39}},"17":{"start":{"line":139,"column":8},"end":{"line":139,"column":34}},"18":{"start":{"line":150,"column":8},"end":{"line":150,"column":66}},"19":{"start":{"line":153,"column":8},"end":{"line":153,"column":19}},"20":{"start":{"line":160,"column":8},"end":{"line":160,"column":4153}},"21":{"start":{"line":166,"column":8},"end":{"line":166,"column":4346}},"22":{"start":{"line":171,"column":8},"end":{"line":171,"column":30}},"23":{"start":{"line":187,"column":8},"end":{"line":187,"column":66}},"24":{"start":{"line":190,"column":8},"end":{"line":190,"column":48}},"25":{"start":{"line":192,"column":8},"end":{"line":192,"column":4949}},"26":{"start":{"line":200,"column":8},"end":{"line":200,"column":5153}},"27":{"start":{"line":211,"column":8},"end":{"line":211,"column":5451}},"28":{"start":{"line":216,"column":8},"end":{"line":216,"column":30}},"29":{"start":{"line":224,"column":8},"end":{"line":224,"column":40}},"30":{"start":{"line":227,"column":8},"end":{"line":227,"column":5809}},"31":{"start":{"line":228,"column":12},"end":{"line":228,"column":31}},"32":{"start":{"line":231,"column":8},"end":{"line":231,"column":37}},"33":{"start":{"line":232,"column":8},"end":{"line":232,"column":25}},"34":{"start":{"line":234,"column":8},"end":{"line":234,"column":80}},"35":{"start":{"line":236,"column":8},"end":{"line":236,"column":6177}},"36":{"start":{"line":243,"column":8},"end":{"line":243,"column":31}},"37":{"start":{"line":244,"column":8},"end":{"line":244,"column":44}},"38":{"start":{"line":247,"column":8},"end":{"line":247,"column":38}},"39":{"start":{"line":255,"column":8},"end":{"line":255,"column":7041}},"40":{"start":{"line":260,"column":8},"end":{"line":260,"column":30}},"41":{"start":{"line":273,"column":8},"end":{"line":273,"column":44}},"42":{"start":{"line":274,"column":8},"end":{"line":274,"column":62}},"43":{"start":{"line":287,"column":8},"end":{"line":287,"column":45}},"44":{"start":{"line":288,"column":8},"end":{"line":288,"column":25}},"45":{"start":{"line":291,"column":8},"end":{"line":291,"column":62}},"46":{"start":{"line":292,"column":8},"end":{"line":292,"column":44}},"47":{"start":{"line":295,"column":8},"end":{"line":295,"column":38}},"48":{"start":{"line":297,"column":8},"end":{"line":297,"column":44}},"49":{"start":{"line":299,"column":8},"end":{"line":299,"column":75}},"50":{"start":{"line":302,"column":8},"end":{"line":302,"column":42}},"51":{"start":{"line":305,"column":8},"end":{"line":305,"column":8433}},"52":{"start":{"line":306,"column":12},"end":{"line":306,"column":31}},"53":{"start":{"line":309,"column":8},"end":{"line":309,"column":20}},"54":{"start":{"line":318,"column":8},"end":{"line":318,"column":8673}},"55":{"start":{"line":325,"column":8},"end":{"line":325,"column":8823}},"56":{"start":{"line":343,"column":8},"end":{"line":343,"column":9320}},"57":{"start":{"line":344,"column":12},"end":{"line":344,"column":9376}},"58":{"start":{"line":351,"column":12},"end":{"line":351,"column":9618}},"59":{"start":{"line":357,"column":12},"end":{"line":357,"column":23}},"60":{"start":{"line":370,"column":8},"end":{"line":370,"column":10059}},"61":{"start":{"line":385,"column":8},"end":{"line":385,"column":35}},"62":{"start":{"line":387,"column":8},"end":{"line":387,"column":10446}}},"branchMap":{"1":{"line":82,"type":"if","locations":[{"start":{"line":82,"column":8},"end":{"line":82,"column":8}},{"start":{"line":82,"column":8},"end":{"line":82,"column":8}}]},"2":{"line":87,"type":"if","locations":[{"start":{"line":87,"column":8},"end":{"line":87,"column":8}},{"start":{"line":87,"column":8},"end":{"line":87,"column":8}}]},"3":{"line":125,"type":"if","locations":[{"start":{"line":125,"column":8},"end":{"line":125,"column":8}},{"start":{"line":125,"column":8},"end":{"line":125,"column":8}}]},"4":{"line":132,"type":"if","locations":[{"start":{"line":132,"column":8},"end":{"line":132,"column":8}},{"start":{"line":132,"column":8},"end":{"line":132,"column":8}}]},"5":{"line":227,"type":"if","locations":[{"start":{"line":227,"column":8},"end":{"line":227,"column":8}},{"start":{"line":227,"column":8},"end":{"line":227,"column":8}}]},"6":{"line":231,"type":"if","locations":[{"start":{"line":231,"column":8},"end":{"line":231,"column":8}},{"start":{"line":231,"column":8},"end":{"line":231,"column":8}}]},"7":{"line":232,"type":"if","locations":[{"start":{"line":232,"column":8},"end":{"line":232,"column":8}},{"start":{"line":232,"column":8},"end":{"line":232,"column":8}}]},"8":{"line":287,"type":"if","locations":[{"start":{"line":287,"column":8},"end":{"line":287,"column":8}},{"start":{"line":287,"column":8},"end":{"line":287,"column":8}}]},"9":{"line":288,"type":"if","locations":[{"start":{"line":288,"column":8},"end":{"line":288,"column":8}},{"start":{"line":288,"column":8},"end":{"line":288,"column":8}}]},"10":{"line":302,"type":"if","locations":[{"start":{"line":302,"column":8},"end":{"line":302,"column":8}},{"start":{"line":302,"column":8},"end":{"line":302,"column":8}}]},"11":{"line":305,"type":"if","locations":[{"start":{"line":305,"column":8},"end":{"line":305,"column":8}},{"start":{"line":305,"column":8},"end":{"line":305,"column":8}}]},"12":{"line":318,"type":"if","locations":[{"start":{"line":318,"column":8},"end":{"line":318,"column":8}},{"start":{"line":318,"column":8},"end":{"line":318,"column":8}}]},"13":{"line":343,"type":"if","locations":[{"start":{"line":343,"column":8},"end":{"line":343,"column":8}},{"start":{"line":343,"column":8},"end":{"line":343,"column":8}}]},"14":{"line":385,"type":"if","locations":[{"start":{"line":385,"column":8},"end":{"line":385,"column":8}},{"start":{"line":385,"column":8},"end":{"line":385,"column":8}}]}}},"contracts/short/external/TokenizedShortCreator.sol":{"l":{"24":0,"25":0,"33":0,"41":0,"52":0,"61":0,"63":0},"path":"/Users/antonio/src/dydx/protocol/contracts/short/external/TokenizedShortCreator.sol","s":{"1":0,"2":0,"3":0,"4":0,"5":0,"6":0,"7":0},"b":{},"f":{"1":0,"2":0,"3":0,"4":0},"fnMap":{"1":{"name":"TokenizedShortCreator","line":14,"loc":{"start":{"line":14,"column":4},"end":{"line":23,"column":5}}},"2":{"name":"updateShortSell","line":28,"loc":{"start":{"line":28,"column":4},"end":{"line":32,"column":5}}},"3":{"name":"updateProxy","line":36,"loc":{"start":{"line":36,"column":4},"end":{"line":40,"column":5}}},"4":{"name":"tokenizeShort","line":44,"loc":{"start":{"line":44,"column":4},"end":{"line":51,"column":5}}}},"statementMap":{"1":{"start":{"line":24,"column":8},"end":{"line":24,"column":30}},"2":{"start":{"line":25,"column":8},"end":{"line":25,"column":21}},"3":{"start":{"line":33,"column":8},"end":{"line":33,"column":30}},"4":{"start":{"line":41,"column":8},"end":{"line":41,"column":21}},"5":{"start":{"line":52,"column":8},"end":{"line":52,"column":1392}},"6":{"start":{"line":61,"column":8},"end":{"line":61,"column":19}},"7":{"start":{"line":63,"column":8},"end":{"line":63,"column":20}}},"branchMap":{}},"contracts/short/impl/CloseShortImpl.sol":{"l":{"63":0,"73":0,"75":0,"80":0,"84":0,"88":0,"95":0,"116":0,"118":0,"140":0,"141":0,"143":0,"144":0,"145":0,"148":0,"158":0,"167":0,"168":0,"173":0,"180":0,"187":0,"194":0,"196":0,"201":0,"210":0,"221":0,"237":0,"239":0,"252":0,"253":0,"262":0,"263":0,"268":0,"286":0,"296":0,"302":0,"308":0,"315":0,"317":0,"323":0,"338":0,"346":0,"347":0,"354":0,"374":0,"380":0,"384":0,"388":0,"391":0,"405":0,"413":0,"417":0,"427":0,"431":0,"432":0,"435":0,"436":0,"439":0,"446":0,"447":0,"465":0,"468":0,"476":0,"477":0,"488":0,"489":0,"497":0,"498":0,"500":0,"511":0,"512":0,"521":0,"547":0,"548":0},"path":"/Users/antonio/src/dydx/protocol/contracts/short/impl/CloseShortImpl.sol","s":{"1":0,"2":0,"3":0,"4":0,"5":0,"6":0,"7":0,"8":0,"9":0,"10":0,"11":0,"12":0,"13":0,"14":0,"15":0,"16":0,"17":0,"18":0,"19":0,"20":0,"21":0,"22":0,"23":0,"24":0,"25":0,"26":0,"27":0,"28":0,"29":0,"30":0,"31":0,"32":0,"33":0,"34":0,"35":0,"36":0,"37":0,"38":0,"39":0,"40":0,"41":0,"42":0,"43":0,"44":0,"45":0,"46":0,"47":0,"48":0,"49":0,"50":0,"51":0,"52":0,"53":0,"54":0,"55":0,"56":0,"57":0,"58":0,"59":0,"60":0,"61":0,"62":0,"63":0,"64":0,"65":0,"66":0,"67":0,"68":0,"69":0,"70":0,"71":0},"b":{"1":[0,0],"2":[0,0],"3":[0,0],"4":[0,0],"5":[0,0],"6":[0,0],"7":[0,0],"8":[0,0],"9":[0,0],"10":[0,0],"11":[0,0],"12":[0,0],"13":[0,0],"14":[0,0],"15":[0,0],"16":[0,0],"17":[0,0],"18":[0,0],"19":[0,0],"20":[0,0],"21":[0,0]},"f":{"1":0,"2":0,"3":0,"4":0,"5":0,"6":0,"7":0,"8":0,"9":0,"10":0,"11":0,"12":0,"13":0},"fnMap":{"1":{"name":"closeShortImpl","line":47,"loc":{"start":{"line":47,"column":4},"end":{"line":62,"column":5}}},"2":{"name":"closeEntireShortImpl","line":101,"loc":{"start":{"line":101,"column":4},"end":{"line":115,"column":5}}},"3":{"name":"closeShortDirectlyImpl","line":129,"loc":{"start":{"line":129,"column":4},"end":{"line":139,"column":5}}},"4":{"name":"closeEntireShortDirectlyImpl","line":227,"loc":{"start":{"line":227,"column":4},"end":{"line":236,"column":5}}},"5":{"name":"validateCloseShort","line":247,"loc":{"start":{"line":247,"column":4},"end":{"line":252,"column":5}}},"6
[...]
line":204,"column":6013}},"18":{"start":{"line":213,"column":8},"end":{"line":213,"column":48}},"19":{"start":{"line":215,"column":8},"end":{"line":215,"column":57}},"20":{"start":{"line":235,"column":8},"end":{"line":235,"column":6923}},"21":{"start":{"line":236,"column":12},"end":{"line":236,"column":6995}},"22":{"start":{"line":253,"column":8},"end":{"line":253,"column":7460}},"23":{"start":{"line":271,"column":8},"end":{"line":271,"column":52}},"24":{"start":{"line":277,"column":8},"end":{"line":277,"column":7923}},"25":{"start":{"line":278,"column":12},"end":{"line":278,"column":32}},"26":{"start":{"line":280,"column":12},"end":{"line":280,"column":24}},"27":{"start":{"line":284,"column":8},"end":{"line":284,"column":8111}},"28":{"start":{"line":286,"column":12},"end":{"line":286,"column":23}},"29":{"start":{"line":294,"column":12},"end":{"line":294,"column":69}},"30":{"start":{"line":295,"column":15},"end":{"line":295,"column":8566}},"31":{"start":{"line":297,"column":12},"end":{"line":297,"column":8723}},"32":{"start":{"line":303,"column":12},"end":{"line":303,"column":65}},"33":{"start":{"line":305,"column":12},"end":{"line":305,"column":23}},"34":{"start":{"line":312,"column":12},"end":{"line":312,"column":61}},"35":{"start":{"line":315,"column":12},"end":{"line":315,"column":9293}},"36":{"start":{"line":321,"column":12},"end":{"line":321,"column":23}},"37":{"start":{"line":327,"column":12},"end":{"line":327,"column":69}},"38":{"start":{"line":329,"column":12},"end":{"line":329,"column":9699}},"39":{"start":{"line":330,"column":16},"end":{"line":330,"column":27}},"40":{"start":{"line":336,"column":16},"end":{"line":336,"column":66}},"41":{"start":{"line":352,"column":8},"end":{"line":352,"column":42}},"42":{"start":{"line":354,"column":8},"end":{"line":354,"column":10337}},"43":{"start":{"line":355,"column":12},"end":{"line":355,"column":65}},"44":{"start":{"line":358,"column":8},"end":{"line":358,"column":10449}},"45":{"start":{"line":363,"column":8},"end":{"line":363,"column":10617}},"46":{"start":{"line":368,"column":8},"end":{"line":368,"column":10773}},"47":{"start":{"line":374,"column":8},"end":{"line":374,"column":84}},"48":{"start":{"line":375,"column":8},"end":{"line":375,"column":75}},"49":{"start":{"line":377,"column":8},"end":{"line":377,"column":11098}},"50":{"start":{"line":385,"column":8},"end":{"line":385,"column":31}},"51":{"start":{"line":398,"column":8},"end":{"line":398,"column":70}},"52":{"start":{"line":399,"column":8},"end":{"line":399,"column":19}},"53":{"start":{"line":407,"column":8},"end":{"line":407,"column":11883}},"54":{"start":{"line":408,"column":12},"end":{"line":408,"column":11932}},"55":{"start":{"line":410,"column":16},"end":{"line":410,"column":75}},"56":{"start":{"line":411,"column":16},"end":{"line":411,"column":27}},"57":{"start":{"line":417,"column":19},"end":{"line":417,"column":12347}},"58":{"start":{"line":419,"column":16},"end":{"line":419,"column":86}},"59":{"start":{"line":421,"column":16},"end":{"line":421,"column":75}},"60":{"start":{"line":422,"column":16},"end":{"line":422,"column":27}},"61":{"start":{"line":432,"column":16},"end":{"line":432,"column":75}},"62":{"start":{"line":433,"column":16},"end":{"line":433,"column":27}},"63":{"start":{"line":440,"column":16},"end":{"line":440,"column":13287}},"64":{"start":{"line":441,"column":20},"end":{"line":441,"column":85}},"65":{"start":{"line":442,"column":20},"end":{"line":442,"column":31}},"66":{"start":{"line":460,"column":8},"end":{"line":460,"column":13823}},"67":{"start":{"line":463,"column":8},"end":{"line":463,"column":13943}},"68":{"start":{"line":466,"column":8},"end":{"line":466,"column":14063}},"69":{"start":{"line":467,"column":12},"end":{"line":467,"column":14119}}},"branchMap":{"1":{"line":235,"type":"if","locations":[{"start":{"line":235,"column":8},"end":{"line":235,"column":8}},{"start":{"line":235,"column":8},"end":{"line":235,"column":8}}]},"2":{"line":271,"type":"if","locations":[{"start":{"line":271,"column":8},"end":{"line":271,"column":8}},{"start":{"line":271,"column":8},"end":{"line":271,"column":8}}]},"3":{"line":277,"type":"if","locations":[{"start":{"line":277,"column":8},"end":{"line":277,"column":8}},{"start":{"line":277,"column":8},"end":{"line":277,"column":8}}]},"4":{"line":284,"type":"if","locations":[{"start":{"line":284,"column":8},"end":{"line":284,"column":8}},{"start":{"line":284,"column":8},"end":{"line":284,"column":8}}]},"5":{"line":295,"type":"if","locations":[{"start":{"line":295,"column":15},"end":{"line":295,"column":15}},{"start":{"line":295,"column":15},"end":{"line":295,"column":15}}]},"6":{"line":329,"type":"if","locations":[{"start":{"line":329,"column":12},"end":{"line":329,"column":12}},{"start":{"line":329,"column":12},"end":{"line":329,"column":12}}]},"7":{"line":352,"type":"if","locations":[{"start":{"line":352,"column":8},"end":{"line":352,"column":8}},{"start":{"line":352,"column":8},"end":{"line":352,"column":8}}]},"8":{"line":354,"type":"if","locations":[{"start":{"line":354,"column":8},"end":{"line":354,"column":8}},{"start":{"line":354,"column":8},"end":{"line":354,"column":8}}]},"9":{"line":355,"type":"if","locations":[{"start":{"line":355,"column":12},"end":{"line":355,"column":12}},{"start":{"line":355,"column":12},"end":{"line":355,"column":12}}]},"10":{"line":407,"type":"if","locations":[{"start":{"line":407,"column":8},"end":{"line":407,"column":8}},{"start":{"line":407,"column":8},"end":{"line":407,"column":8}}]},"11":{"line":408,"type":"if","locations":[{"start":{"line":408,"column":12},"end":{"line":408,"column":12}},{"start":{"line":408,"column":12},"end":{"line":408,"column":12}}]},"12":{"line":417,"type":"if","locations":[{"start":{"line":417,"column":19},"end":{"line":417,"column":19}},{"start":{"line":417,"column":19},"end":{"line":417,"column":19}}]},"13":{"line":440,"type":"if","locations":[{"start":{"line":440,"column":16},"end":{"line":440,"column":16}},{"start":{"line":440,"column":16},"end":{"line":440,"column":16}}]},"14":{"line":460,"type":"if","locations":[{"start":{"line":460,"column":8},"end":{"line":460,"column":8}},{"start":{"line":460,"column":8},"end":{"line":460,"column":8}}]},"15":{"line":463,"type":"if","locations":[{"start":{"line":463,"column":8},"end":{"line":463,"column":8}},{"start":{"line":463,"column":8},"end":{"line":463,"column":8}}]},"16":{"line":466,"type":"if","locations":[{"start":{"line":466,"column":8},"end":{"line":466,"column":8}},{"start":{"line":466,"column":8},"end":{"line":466,"column":8}}]},"17":{"line":467,"type":"if","locations":[{"start":{"line":467,"column":12},"end":{"line":467,"column":12}},{"start":{"line":467,"column":12},"end":{"line":467,"column":12}}]}}},"contracts/short/Vault.sol":{"l":{"53":1,"67":0,"86":0,"89":0,"90":0,"93":0,"96":0,"110":0,"113":0,"116":0,"117":0,"120":0,"123":0,"137":0,"140":0,"143":0,"146":0,"160":0},"path":"/Users/antonio/src/dydx/protocol/contracts/short/Vault.sol","s":{"1":1,"2":0,"3":0,"4":0,"5":0,"6":0,"7":0,"8":0,"9":0,"10":0,"11":0,"12":0,"13":0,"14":0,"15":0,"16":0,"17":0,"18":0},"b":{"1":[0,0],"2":[0,0],"3":[0,0],"4":[0,0],"5":[0,0],"6":[0,0]},"f":{"1":1,"2":0,"3":0,"4":0,"5":0,"6":0},"fnMap":{"1":{"name":"Vault","line":42,"loc":{"start":{"line":42,"column":4},"end":{"line":52,"column":5}}},"2":{"name":"updateProxy","line":60,"loc":{"start":{"line":60,"column":4},"end":{"line":66,"column":5}}},"3":{"name":"transfer","line":74,"loc":{"start":{"line":74,"column":4},"end":{"line":84,"column":5}}},"4":{"name":"send","line":99,"loc":{"start":{"line":99,"column":4},"end":{"line":109,"column":5}}},"5":{"name":"transferBetweenVaults","line":126,"loc":{"start":{"line":126,"column":4},"end":{"line":136,"column":5}}},"6":{"name":"validateBalance","line":153,"loc":{"start":{"line":153,"column":4},"end":{"line":158,"column":5}}}},"statementMap":{"1":{"start":{"line":53,"column":8},"end":{"line":53,"column":21}},"2":{"start":{"line":67,"column":8},"end":{"line":67,"column":21}},"3":{"start":{"line":86,"column":8},"end":{"line":86,"column":19}},"4":{"start":{"line":89,"column":8},"end":{"line":89,"column":61}},"5":{"start":{"line":90,"column":8},"end":{"line":90,"column":63}},"6":{"start":{"line":93,"column":8},"end":{"line":93,"column":58}},"7":{"start":{"line":96,"column":8},"end":{"line":96,"column":29}},"8":{"start":{"line":110,"column":8},"end":{"line":110,"column":45}},"9":{"start":{"line":113,"column":8},"end":{"line":113,"column":45}},"10":{"start":{"line":116,"column":8},"end":{"line":116,"column":61}},"11":{"start":{"line":117,"column":8},"end":{"line":117,"column":63}},"12":{"start":{"line":120,"column":8},"end":{"line":120,"column":34}},"13":{"start":{"line":123,"column":8},"end":{"line":123,"column":29}},"14":{"start":{"line":137,"column":8},"end":{"line":137,"column":49}},"15":{"start":{"line":140,"column":8},"end":{"line":140,"column":45}},"16":{"start":{"line":143,"column":8},"end":{"line":143,"column":69}},"17":{"start":{"line":146,"column":8},"end":{"line":146,"column":65}},"18":{"start":{"line":161,"column":8},"end":{"line":161,"column":70}}},"branchMap":{"1":{"line":93,"type":"if","locations":[{"start":{"line":93,"column":8},"end":{"line":93,"column":8}},{"start":{"line":93,"column":8},"end":{"line":93,"column":8}}]},"2":{"line":110,"type":"if","locations":[{"start":{"line":110,"column":8},"end":{"line":110,"column":8}},{"start":{"line":110,"column":8},"end":{"line":110,"column":8}}]},"3":{"line":113,"type":"if","locations":[{"start":{"line":113,"column":8},"end":{"line":113,"column":8}},{"start":{"line":113,"column":8},"end":{"line":113,"column":8}}]},"4":{"line":137,"type":"if","locations":[{"start":{"line":137,"column":8},"end":{"line":137,"column":8}},{"start":{"line":137,"column":8},"end":{"line":137,"column":8}}]},"5":{"line":140,"type":"if","locations":[{"start":{"line":140,"column":8},"end":{"line":140,"column":8}},{"start":{"line":140,"column":8},"end":{"line":140,"column":8}}]},"6":{"line":161,"type":"if","locations":[{"start":{"line":161,"column":8},"end":{"line":161,"column":8}},{"start":{"line":161,"column":8},"end":{"line":161,"column":8}}]}}},"contracts/testing/AccessControlledTester.sol":{"l":{"23":2},"path":"/Users/antonio/src/dydx/protocol/contracts/testing/AccessControlledTester.sol","s":{"1":2},"b":{},"f":{"1":13,"2":2},"fnMap":{"1":{"name":"AccessControlledTester","line":9,"loc":{"start":{"line":9,"column":4},"end":{"line":15,"column":5}}},"2":{"name":"setNum","line":17,"loc":{"start":{"line":17,"column":4},"end":{"line":22,"column":5}}}},"statementMap":{"1":{"start":{"line":23,"column":8},"end":{"line":23,"column":15}}},"branchMap":{}},"contracts/testing/DelayedUpdateTester.sol":{"l":{"27":3,"37":1,"41":0,"51":0,"61":0,"69":0},"path":"/Users/antonio/src/dydx/protocol/contracts/testing/DelayedUpdateTester.sol","s":{"1":3,"2":1,"3":0,"4":0,"5":0,"6":0},"b":{},"f":{"1":7,"2":3,"3":1,"4":0,"5":0,"6":0,"7":0},"fnMap":{"1":{"name":"DelayedUpdateTester","line":12,"loc":{"start":{"line":12,"column":4},"end":{"line":18,"column":5}}},"2":{"name":"addr1Update","line":20,"loc":{"start":{"line":20,"column":4},"end":{"line":26,"column":5}}},"3":{"name":"addr2Update","line":30,"loc":{"start":{"line":30,"column":4},"end":{"line":36,"column":5}}},"4":{"name":"cancelAddrUpdate","line":40,"loc":{"start":{"line":40,"column":4},"end":{"line":40,"column":46}}},"5":{"name":"num1Update","line":44,"loc":{"start":{"line":44,"column":4},"end":{"line":50,"column":5}}},"6":{"name":"num2Update","line":54,"loc":{"start":{"line":54,"column":4},"end":{"line":60,"column":5}}},"7":{"name":"cancelNumUpdate","line":64,"loc":{"start":{"line":64,"column":4},"end":{"line":68,"column":5}}}},"statementMap":{"1":{"start":{"line":27,"column":8},"end":{"line":27,"column":17}},"2":{"start":{"line":37,"column":8},"end":{"line":37,"column":17}},"3":{"start":{"line":41,"column":8},"end":{"line":41,"column":30}},"4":{"start":{"line":51,"column":8},"end":{"line":51,"column":16}},"5":{"start":{"line":61,"column":8},"end":{"line":61,"column":16}},"6":{"start":{"line":69,"column":8},"end":{"line":69,"column":27}}},"branchMap":{}},"contracts/testing/OwnedToken.sol":{"l":{"16":0,"20":0,"24":0,"28":0,"32":0,"36":0,"40":0,"44":0,"45":0,"46":0,"47":0,"53":0,"55":0,"60":0,"61":0,"62":0,"63":0,"64":0,"70":0,"72":0,"77":0,"78":0,"84":0},"path":"/Users/antonio/src/dydx/protocol/contracts/testing/OwnedToken.sol","s":{"1":0,"2":0,"3":0,"4":0,"5":0,"6":0,"7":0,"8":0,"9":0,"10":0,"11":0,"12":0,"13":0,"14":0,"15":0,"16":0,"17":0,"18":0,"19":0,"20":0,"21":0,"22":0,"23":0},"b":{"1":[0,0],"2":[0,0]},"f":{"1":0,"2":0,"3":0,"4":0,"5":0,"6":0,"7":0,"8":0,"9":0,"10":0},"fnMap":{"1":{"name":"issueTo","line":15,"loc":{"start":{"line":15,"column":4},"end":{"line":15,"column":63}}},"2":{"name":"totalSupply","line":19,"loc":{"start":{"line":19,"column":4},"end":{"line":19,"column":59}}},"3":{"name":"balanceOf","line":23,"loc":{"start":{"line":23,"column":4},"end":{"line":23,"column":68}}},"4":{"name":"allowance","line":27,"loc":{"start":{"line":27,"column":4},"end":{"line":27,"column":92}}},"5":{"name":"symbol","line":31,"loc":{"start":{"line":31,"column":4},"end":{"line":31,"column":48}}},"6":{"name":"name","line":35,"loc":{"start":{"line":35,"column":4},"end":{"line":35,"column":46}}},"7":{"name":"decimals","line":39,"loc":{"start":{"line":39,"column":4},"end":{"line":39,"column":49}}},"8":{"name":"transfer","line":43,"loc":{"start":{"line":43,"column":4},"end":{"line":43,"column":69}}},"9":{"name":"transferFrom","line":59,"loc":{"start":{"line":59,"column":4},"end":{"line":59,"column":87}}},"10":{"name":"approve","line":76,"loc":{"start":{"line":76,"column":4},"end":{"line":76,"column":74}}}},"statementMap":{"1":{"start":{"line":16,"column":8},"end":{"line":16,"column":45}},"2":{"start":{"line":20,"column":8},"end":{"line":20,"column":21}},"3":{"start":{"line":24,"column":8},"end":{"line":24,"column":28}},"4":{"start":{"line":28,"column":8},"end":{"line":28,"column":38}},"5":{"start":{"line":32,"column":8},"end":{"line":32,"column":22}},"6":{"start":{"line":36,"column":8},"end":{"line":36,"column":32}},"7":{"start":{"line":40,"column":8},"end":{"line":40,"column":17}},"8":{"start":{"line":44,"column":8},"end":{"line":44,"column":1214}},"9":{"start":{"line":45,"column":12},"end":{"line":45,"column":40}},"10":{"start":{"line":46,"column":12},"end":{"line":46,"column":32}},"11":{"start":{"line":47,"column":12},"end":{"line":47,"column":1345}},"12":{"start":{"line":53,"column":12},"end":{"line":53,"column":23}},"13":{"start":{"line":55,"column":12},"end":{"line":55,"column":24}},"14":{"start":{"line":60,"column":8},"end":{"line":60,"column":1652}},"15":{"start":{"line":61,"column":12},"end":{"line":61,"column":32}},"16":{"start":{"line":62,"column":12},"end":{"line":62,"column":34}},"17":{"start":{"line":63,"column":12},"end":{"line":63,"column":45}},"18":{"start":{"line":64,"column":12},"end":{"line":64,"column":1857}},"19":{"start":{"line":70,"column":12},"end":{"line":70,"column":23}},"20":{"start":{"line":72,"column":12},"end":{"line":72,"column":24}},"21":{"start":{"line":77,"column":8},"end":{"line":77,"column":43}},"22":{"start":{"line":78,"column":8},"end":{"line":78,"column":2191}},"23":{"start":{"line":84,"column":8},"end":{"line":84,"column":19}}},"branchMap":{"1":{"line":44,"type":"if","locations":[{"start":{"line":44,"column":8},"end":{"line":44,"column":8}},{"start":{"line":44,"column":8},"end":{"line":44,"column":8}}]},"2":{"line":60,"type":"if","locations":[{"start":{"line":60,"column":8},"end":{"line":60,"column":8}},{"start":{"line":60,"column":8},"end":{"line":60,"column":8}}]}}},"contracts/testing/TestToken.sol":{"l":{"15":0,"16":0,"20":0,"21":0,"25":0,"29":0,"33":0,"37":0,"41":0,"45":0,"49":0,"50":0,"51":0,"52":0,"58":0,"60":0,"65":0,"66":0,"67":0,"68":0,"69":0,"75":0,"77":0,"82":0,"83":0,"89":0},"path":"/Users/antonio/src/dydx/protocol/contracts/testing/TestToken.sol","s":{"1":0,"2":0,"3":0,"4":0,"5":0,"6":0,"7":0,"8":0,"9":0,"10":0,"11":0,"12":0,"13":0,"14":0,"15":0,"16":0,"17":0,"18":0,"19":0,"20":0,"21":0,"22":0,"23":0,"24":0,"25":0,"26":0},"b":{"1":[0,0],"2":[0,0]},"f":{"1":0,"2":0,"3":0,"4":0,"5":0,"6":0,"7":0,"8":0,"9":0,"10":0,"11":0},"fnMap":{"1":{"name":"issue","line":14,"loc":{"start":{"line":14,"column":4},"end":{"line":14,"column":36}}},"2":{"name":"issueTo","line":19,"loc":{"start":{"line":19,"column":4},"end":{"line":19,"column":51}}},"3":{"name":"totalSupply","line":24,"loc":{"start":{"line":24,"column":4},"end":{"line":24,"column":59}}},"4":{"name":"balanceOf","line":28,"loc":{"start":{"line":28,"column":4},"end":{"line":28,"column":68}}},"5":{"name":"allowance","line":32,"loc":{"start":{"line":32,"column":4},"end":{"line":32,"column":92}}},"6":{"name":"symbol","line":36,"loc":{"start":{"line":36,"column":4},"end":{"line":36,"column":48}}},"7":{"name":"name","line":40,"loc":{"start":{"line":40,"column":4},"end":{"line":40,"column":46}}},"8":{"name":"decimals","line":44,"loc":{"start":{"line":44,"column":4},"end":{"line":44,"column":49}}},"9":{"name":"transfer","line":48,"loc":{"start":{"line":48,"column":4},"end":{"line":48,"column":69}}},"10":{"name":"transferFrom","line":64,"loc":{"start":{"line":64,"column":4},"end":{"line":64,"column":87}}},"11":{"name":"approve","line":81,"loc":{"start":{"line":81,"column":4},"end":{"line":81,"column":74}}}},"statementMap":{"1":{"start":{"line":15,"column":8},"end":{"line":15,"column":59}},"2":{"start":{"line":16,"column":8},"end":{"line":16,"column":47}},"3":{"start":{"line":20,"column":8},"end":{"line":20,"column":45}},"4":{"start":{"line":21,"column":8},"end":{"line":21,"column":40}},"5":{"start":{"line":25,"column":8},"end":{"line":25,"column":21}},"6":{"start":{"line":29,"column":8},"end":{"line":29,"column":28}},"7":{"start":{"line":33,"column":8},"end":{"line":33,"column":38}},"8":{"start":{"line":37,"column":8},"end":{"line":37,"column":21}},"9":{"start":{"line":41,"column":8},"end":{"line":41,"column":27}},"10":{"start":{"line":45,"column":8},"end":{"line":45,"column":17}},"11":{"start":{"line":49,"column":8},"end":{"line":49,"column":1419}},"12":{"start":{"line":50,"column":12},"end":{"line":50,"column":40}},"13":{"start":{"line":51,"column":12},"end":{"line":51,"column":32}},"14":{"start":{"line":52,"column":12},"end":{"line":52,"column":1550}},"15":{"start":{"line":58,"column":12},"end":{"line":58,"column":23}},"16":{"start":{"line":60,"column":12},"end":{"line":60,"column":24}},"17":{"start":{"line":65,"column":8},"end":{"line":65,"column":1857}},"18":{"start":{"line":66,"column":12},"end":{"line":66,"column":32}},"19":{"start":{"line":67,"column":12},"end":{"line":67,"column":34}},"20":{"start":{"line":68,"column":12},"end":{"line":68,"column":45}},"21":{"start":{"line":69,"column":12},"end":{"line":69,"column":2062}},"22":{"start":{"line":75,"column":12},"end":{"line":75,"column":23}},"23":{"start":{"line":77,"column":12},"end":{"line":77,"column":24}},"24":{"start":{"line":82,"column":8},"end":{"line":82,"column":43}},"25":{"start":{"line":83,"column":8},"end":{"line":83,"column":2396}},"26":{"start":{"line":89,"column":8},"end":{"line":89,"column":19}}},"branchMap":{"1":{"line":49,"type":"if","locations":[{"start":{"line":49,"column":8},"end":{"line":49,"column":8}},{"start":{"line":49,"column":8},"end":{"line":49,"column":8}}]},"2":{"line":65,"type":"if","locations":[{"start":{"line":65,"column":8},"end":{"line":65,"column":8}},{"start":{"line":65,"column":8},"end":{"line":65,"column":8}}]}}},"contracts/testing/TokenA.sol":{"l":{},"path":"/Users/antonio/src/dydx/protocol/contracts/testing/TokenA.sol","s":{},"b":{},"f":{},"fnMap":{},"statementMap":{},"branchMap":{}},"contracts/testing/TokenB.sol":{"l":{},"path":"/Users/antonio/src/dydx/protocol/contracts/testing/TokenB.sol","s":{},"b":{},"f":{},"fnMap":{},"statementMap":{},"branchMap":{}},"contracts/testing/TokenC.sol":{"l":{},"path":"/Users/antonio/src/dydx/protocol/contracts/testing/TokenC.sol","s":{},"b":{},"f":{},"fnMap":{},"statementMap":{},"branchMap":{}}}