TN:
SF:/Users/antonio/src/dydx/protocol/contracts/0x/base/ZeroExOwnable.sol
FN:13,ZeroExOwnable
FN:17,onlyOwner
FN:22,transferOwnership
FNF:3
FNH:0
FNDA:0,ZeroExOwnable
FNDA:0,onlyOwner
FNDA:0,transferOwnership
DA:14,0
DA:18,0
DA:19,0
DA:23,0
DA:24,0
LF:5
LH:0
BRDA:18,1,0,0
BRDA:18,1,1,0
BRDA:23,2,0,0
BRDA:23,2,1,0
BRF:4
BRH:0
end_of_record
TN:
SF:/Users/antonio/src/dydx/protocol/contracts/0x/base/ZeroExSafeMath.sol
FN:4,safeMul
FN:10,safeDiv
FN:15,safeSub
FN:20,safeAdd
FN:26,max64
FN:30,min64
FN:34,max256
FN:38,min256
FNF:8
FNH:0
FNDA:0,safeMul
FNDA:0,safeDiv
FNDA:0,safeSub
FNDA:0,safeAdd
FNDA:0,max64
FNDA:0,min64
FNDA:0,max256
FNDA:0,min256
DA:5,0
DA:6,0
DA:7,0
DA:11,0
DA:12,0
DA:16,0
DA:17,0
DA:21,0
DA:22,0
DA:23,0
DA:27,0
DA:31,0
DA:35,0
DA:39,0
LF:14
LH:0
BRDA:6,1,0,0
BRDA:6,1,1,0
BRDA:16,2,0,0
BRDA:16,2,1,0
BRDA:22,3,0,0
BRDA:22,3,1,0
BRF:6
BRH:0
end_of_record
TN:
SF:/Users/antonio/src/dydx/protocol/contracts/0x/base/ZeroExToken.sol
FNF:0
FNH:0
LF:0
LH:0
BRF:0
BRH:0
end_of_record
TN:
SF:/Users/antonio/src/dydx/protocol/contracts/0x/ZeroExExchange.sol
FN:88,ZeroExExchange
FN:106,fillOrder
FN:222,cancelOrder
FN:284,fillOrKillOrder
FN:312,batchFillOrders
FN:342,batchFillOrKillOrders
FN:372,fillOrdersUpTo
FN:404,batchCancelOrders
FN:427,getOrderHash
FN:455,isValidSignature
FN:478,isRoundingError
FN:498,getPartialAmount
FN:509,getUnavailableTakerTokenAmount
FN:528,transferViaTokenTransferProxy
FN:543,isTransferable
FN:584,getBalance
FN:596,getAllowance
FNF:17
FNH:0
FNDA:0,ZeroExExchange
FNDA:0,fillOrder
FNDA:0,cancelOrder
FNDA:0,fillOrKillOrder
FNDA:0,batchFillOrders
FNDA:0,batchFillOrKillOrders
FNDA:0,fillOrdersUpTo
FNDA:0,batchCancelOrders
FNDA:0,getOrderHash
FNDA:0,isValidSignature
FNDA:0,isRoundingError
FNDA:0,getPartialAmount
FNDA:0,getUnavailableTakerTokenAmount
FNDA:0,transferViaTokenTransferProxy
FNDA:0,isTransferable
FNDA:0,getBalance
FNDA:0,getAllowance
DA:89,0
DA:90,0
DA:117,0
DA:131,0
DA:132,0
DA:133,0
DA:141,0
DA:142,0
DA:143,0
DA:146,0
DA:147,0
DA:148,0
DA:149,0
DA:150,0
DA:153,0
DA:154,0
DA:155,0
DA:158,0
DA:159,0
DA:160,0
DA:163,0
DA:164,0
DA:165,0
DA:166,0
DA:167,0
DA:173,0
DA:180,0
DA:181,0
DA:182,0
DA:183,0
DA:190,0
DA:191,0
DA:192,0
DA:201,0
DA:214,0
DA:229,0
DA:243,0
DA:244,0
DA:246,0
DA:247,0
DA:248,0
DA:251,0
DA:252,0
DA:253,0
DA:254,0
DA:255,0
DA:258,0
DA:260,0
DA:270,0
DA:293,0
DA:322,0
DA:323,0
DA:351,0
DA:352,0
DA:383,0
DA:384,0
DA:386,0
DA:395,0
DA:397,0
DA:410,0
DA:411,0
DA:431,0
DA:463,0
DA:480,0
DA:483,0
DA:487,0
DA:499,0
DA:509,0
DA:531,0
DA:542,0
DA:543,0
DA:545,0
DA:546,0
DA:547,0
DA:548,0
DA:549,0
DA:550,0
DA:551,0
DA:553,0
DA:559,0
DA:562,0
DA:571,0
LF:82
LH:0
BRDA:131,1,0,0
BRDA:131,1,1,0
BRDA:132,2,0,0
BRDA:132,2,1,0
BRDA:133,3,0,0
BRDA:133,3,1,0
BRDA:141,4,0,0
BRDA:141,4,1,0
BRDA:148,5,0,0
BRDA:148,5,1,0
BRDA:153,6,0,0
BRDA:153,6,1,0
BRDA:158,7,0,0
BRDA:158,7,1,0
BRDA:167,8,0,0
BRDA:167,8,1,0
BRDA:173,9,0,0
BRDA:173,9,1,0
BRDA:180,10,0,0
BRDA:180,10,1,0
BRDA:181,11,0,0
BRDA:181,11,1,0
BRDA:183,12,0,0
BRDA:183,12,1,0
BRDA:190,13,0,0
BRDA:190,13,1,0
BRDA:192,14,0,0
BRDA:192,14,1,0
BRDA:243,15,0,0
BRDA:243,15,1,0
BRDA:244,16,0,0
BRDA:244,16,1,0
BRDA:246,17,0,0
BRDA:246,17,1,0
BRDA:253,18,0,0
BRDA:253,18,1,0
BRDA:293,19,0,0
BRDA:293,19,1,0
BRDA:385,20,0,0
BRDA:385,20,1,0
BRDA:395,21,0,0
BRDA:395,21,1,0
BRDA:484,22,0,0
BRDA:484,22,1,0
BRDA:551,23,0,0
BRDA:551,23,1,0
BRDA:556,24,0,0
BRDA:556,24,1,0
BRDA:557,25,0,0
BRDA:557,25,1,0
BRDA:559,26,0,0
BRDA:559,26,1,0
BRDA:565,27,0,0
BRDA:565,27,1,0
BRDA:568,28,0,0
BRDA:568,28,1,0
BRDA:571,29,0,0
BRDA:571,29,1,0
BRF:58
BRH:0
end_of_record
TN:
SF:/Users/antonio/src/dydx/protocol/contracts/0x/ZeroExProxy.sol
FN:29,onlyAuthorized
FN:34,targetAuthorized
FN:39,targetNotAuthorized
FN:56,addAuthorizedAddress
FN:68,removeAuthorizedAddress
FN:90,transferFrom
FN:108,getAuthorizedAddresses
FNF:7
FNH:0
FNDA:0,onlyAuthorized
FNDA:0,targetAuthorized
FNDA:0,targetNotAuthorized
FNDA:0,addAuthorizedAddress
FNDA:0,removeAuthorizedAddress
FNDA:0,transferFrom
FNDA:0,getAuthorizedAddresses
DA:30,0
DA:31,0
DA:35,0
DA:36,0
DA:40,0
DA:41,0
DA:61,0
DA:62,0
DA:63,0
DA:73,0
DA:74,0
DA:75,0
DA:76,0
DA:77,0
DA:78,0
DA:81,0
DA:99,0
DA:112,0
LF:18
LH:0
BRDA:30,1,0,0
BRDA:30,1,1,0
BRDA:35,2,0,0
BRDA:35,2,1,0
BRDA:40,3,0,0
BRDA:40,3,1,0
BRDA:75,4,0,0
BRDA:75,4,1,0
BRF:8
BRH:0
end_of_record
TN:
SF:/Users/antonio/src/dydx/protocol/contracts/interfaces/ZeroExExchangeInterface.sol
FNF:0
FNH:0
LF:0
LH:0
BRF:0
BRH:0
end_of_record
TN:
SF:/Users/antonio/src/dydx/protocol/contracts/lib/AccessControlled.sol
FN:50,AccessControlled
FN:65,requiresAuthorization
FN:79,grantAccess
FN:94,confirmAccess
FN:107,revokeAccess
FNF:5
FNH:5
FNDA:16,AccessControlled
FNDA:3,requiresAuthorization
FNDA:9,grantAccess
FNDA:3,confirmAccess
FNDA:2,revokeAccess
DA:57,16
DA:58,16
DA:66,3
DA:67,2
DA:85,9
DA:86,4
DA:87,4
DA:89,5
DA:90,5
DA:100,3
DA:101,2
DA:102,1
DA:103,1
DA:104,1
DA:113,2
DA:114,2
DA:115,2
LF:17
LH:17
BRDA:66,1,0,2
BRDA:66,1,1,1
BRDA:85,2,0,4
BRDA:85,2,1,5
BRDA:100,3,0,2
BRDA:100,3,1,1
BRDA:101,4,0,1
BRDA:101,4,1,1
BRF:8
BRH:8
end_of_record
TN:
SF:/Users/antonio/src/dydx/protocol/contracts/lib/DelayedUpdate.sol
FN:87,DelayedUpdate
FN:111,delayedAddressUpdate
FN:176,delayedUintUpdate
FN:241,cancelAddressUpdate
FN:260,cancelUintUpdate
FNF:5
FNH:2
FNDA:8,DelayedUpdate
FNDA:14,delayedAddressUpdate
FNDA:0,delayedUintUpdate
FNDA:0,cancelAddressUpdate
FNDA:0,cancelUintUpdate
DA:93,8
DA:94,8
DA:112,14
DA:114,14
DA:116,7
DA:122,2
DA:131,5
DA:132,4
DA:134,4
DA:136,4
DA:143,4
DA:144,4
DA:149,7
DA:155,7
DA:162,7
DA:177,0
DA:179,0
DA:181,0
DA:187,0
DA:196,0
DA:197,0
DA:199,0
DA:201,0
DA:208,0
DA:209,0
DA:214,0
DA:220,0
DA:227,0
DA:242,0
DA:243,0
DA:245,0
DA:251,0
DA:261,0
DA:262,0
DA:264,0
DA:270,0
LF:36
LH:15
BRDA:114,1,0,7
BRDA:114,1,1,7
BRDA:116,2,0,2
BRDA:116,2,1,5
BRDA:131,3,0,4
BRDA:131,3,1,1
BRDA:132,4,0,4
BRDA:132,4,1,0
BRDA:179,5,0,0
BRDA:179,5,1,0
BRDA:181,6,0,0
BRDA:181,6,1,0
BRDA:196,7,0,0
BRDA:196,7,1,0
BRDA:197,8,0,0
BRDA:197,8,1,0
BRDA:243,9,0,0
BRDA:243,9,1,0
BRDA:262,10,0,0
BRDA:262,10,1,0
BRF:20
BRH:7
end_of_record
TN:
SF:/Users/antonio/src/dydx/protocol/contracts/lib/SafeMath.sol
FN:10,getPartialAmount
FN:24,max64
FN:35,min64
FN:46,max256
FN:57,min256
FN:68,mul
FN:81,div
FN:95,sub
FN:107,add
FNF:9
FNH:1
FNDA:0,getPartialAmount
FNDA:0,max64
FNDA:0,min64
FNDA:0,max256
FNDA:0,min256
FNDA:0,mul
FNDA:0,div
FNDA:0,sub
FNDA:40,add
DA:20,0
DA:30,0
DA:40,0
DA:50,0
DA:60,0
DA:70,0
DA:71,0
DA:72,0
DA:83,0
DA:85,0
DA:95,0
DA:96,0
DA:106,40
DA:107,40
DA:108,40
LF:15
LH:3
BRDA:77,1,0,0
BRDA:77,1,1,0
BRDA:103,2,0,0
BRDA:103,2,1,0
BRDA:116,3,0,40
BRDA:116,3,1,0
BRF:6
BRH:1
end_of_record
TN:
SF:/Users/antonio/src/dydx/protocol/contracts/lib/TokenInteract.sol
FN:10,balanceOf
FN:23,setAllowance
FN:33,transfer
FNF:3
FNH:0
FNDA:0,balanceOf
FNDA:0,setAllowance
FNDA:0,transfer
DA:19,0
DA:29,0
DA:39,0
LF:3
LH:0
BRDA:30,1,0,0
BRDA:30,1,1,0
BRDA:40,2,0,0
BRDA:40,2,1,0
BRF:4
BRH:0
end_of_record
TN:
SF:/Users/antonio/src/dydx/protocol/contracts/option/CoveredOption.sol
FN:127,CoveredOption
FN:188,buy
FN:296,exercise
FN:357,withdraw
FN:414,recover
FN:447,transfer
FN:463,transferFrom
FN:481,approve
FN:492,totalSupply
FN:498,balanceOf
FN:506,allowance
FN:516,name
FN:523,symbol
FN:531,decimals
FNF:14
FNH:0
FNDA:0,CoveredOption
FNDA:0,buy
FNDA:0,exercise
FNDA:0,withdraw
FNDA:0,recover
FNDA:0,transfer
FNDA:0,transferFrom
FNDA:0,approve
FNDA:0,totalSupply
FNDA:0,balanceOf
FNDA:0,allowance
FNDA:0,name
FNDA:0,symbol
FNDA:0,decimals
DA:136,0
DA:137,0
DA:138,0
DA:139,0
DA:140,0
DA:141,0
DA:142,0
DA:198,0
DA:199,0
DA:202,0
DA:204,0
DA:207,0
DA:212,0
DA:215,0
DA:233,0
DA:239,0
DA:240,0
DA:243,0
DA:244,0
DA:248,0
DA:249,0
DA:255,0
DA:263,0
DA:270,0
DA:271,0
DA:273,0
DA:275,0
DA:301,0
DA:303,0
DA:304,0
DA:305,0
DA:309,0
DA:315,0
DA:320,0
DA:323,0
DA:326,0
DA:330,0
DA:331,0
DA:332,0
DA:334,0
DA:336,0
DA:364,0
DA:365,0
DA:366,0
DA:369,0
DA:374,0
DA:379,0
DA:387,0
DA:388,0
DA:390,0
DA:391,0
DA:395,0
DA:397,0
DA:399,0
DA:418,0
DA:419,0
DA:421,0
DA:422,0
DA:424,0
DA:425,0
DA:428,0
DA:429,0
DA:432,0
DA:435,0
DA:436,0
DA:438,0
DA:453,0
DA:454,0
DA:455,0
DA:456,0
DA:457,0
DA:459,0
DA:470,0
DA:471,0
DA:472,0
DA:473,0
DA:474,0
DA:475,0
DA:477,0
DA:487,0
DA:488,0
DA:489,0
DA:495,0
DA:503,0
DA:512,0
DA:519,0
DA:526,0
LF:87
LH:0
BRDA:198,1,0,0
BRDA:198,1,1,0
BRDA:199,2,0,0
BRDA:199,2,1,0
BRDA:239,3,0,0
BRDA:239,3,1,0
BRDA:240,4,0,0
BRDA:240,4,1,0
BRDA:248,5,0,0
BRDA:248,5,1,0
BRDA:301,6,0,0
BRDA:301,6,1,0
BRDA:304,7,0,0
BRDA:304,7,1,0
BRDA:305,8,0,0
BRDA:305,8,1,0
BRDA:315,9,0,0
BRDA:315,9,1,0
BRDA:326,10,0,0
BRDA:326,10,1,0
BRDA:365,11,0,0
BRDA:365,11,1,0
BRDA:366,12,0,0
BRDA:366,12,1,0
BRDA:387,13,0,0
BRDA:387,13,1,0
BRDA:388,14,0,0
BRDA:388,14,1,0
BRDA:390,15,0,0
BRDA:390,15,1,0
BRDA:391,16,0,0
BRDA:391,16,1,0
BRDA:418,17,0,0
BRDA:418,17,1,0
BRDA:419,18,0,0
BRDA:419,18,1,0
BRDA:424,19,0,0
BRDA:424,19,1,0
BRDA:425,20,0,0
BRDA:425,20,1,0
BRDA:432,21,0,0
BRDA:432,21,1,0
BRDA:453,22,0,0
BRDA:453,22,1,0
BRDA:470,23,0,0
BRDA:470,23,1,0
BRF:46
BRH:0
end_of_record
TN:
SF:/Users/antonio/src/dydx/protocol/contracts/option/DerivativeCreator.sol
FN:39,DerivativeCreator
FN:66,createCoveredOption
FN:136,getCoveredOption
FN:161,updateExchange
FN:167,updateProxy
FNF:5
FNH:0
FNDA:0,DerivativeCreator
FNDA:0,createCoveredOption
FNDA:0,getCoveredOption
FNDA:0,updateExchange
FNDA:0,updateProxy
DA:43,0
DA:44,0
DA:76,0
DA:77,0
DA:83,0
DA:90,0
DA:99,0
DA:101,0
DA:111,0
DA:113,0
DA:115,0
DA:145,0
DA:154,0
DA:164,0
DA:170,0
LF:15
LH:0
BRDA:76,1,0,0
BRDA:76,1,1,0
BRDA:77,2,0,0
BRDA:77,2,1,0
BRDA:83,3,0,0
BRDA:83,3,1,0
BRDA:99,4,0,0
BRDA:99,4,1,0
BRF:8
BRH:0
end_of_record
TN:
SF:/Users/antonio/src/dydx/protocol/contracts/shared/Exchange.sol
FN:91,Exchange
FN:129,fillOrder
FN:291,cancelOrder
FN:363,fillOrKillOrder
FN:397,batchFillOrders
FN:432,batchFillOrKillOrders
FN:467,fillOrdersUpTo
FN:506,batchCancelOrders
FN:532,getOrderHash
FN:565,isValidSignature
FN:589,isRoundingError
FN:604,getUnavailableTakerTokenAmount
FN:624,transferViaProxy
FN:647,isTransferable
FN:716,getBalance
FN:731,getAllowance
FN:743,logFillEvent
FNF:17
FNH:1
FNDA:1,Exchange
FNDA:0,fillOrder
FNDA:0,cancelOrder
FNDA:0,fillOrKillOrder
FNDA:0,batchFillOrders
FNDA:0,batchFillOrKillOrders
FNDA:0,fillOrdersUpTo
FNDA:0,batchCancelOrders
FNDA:0,getOrderHash
FNDA:0,isValidSignature
FNDA:0,isRoundingError
FNDA:0,getUnavailableTakerTokenAmount
FNDA:0,transferViaProxy
FNDA:0,isTransferable
FNDA:0,getBalance
FNDA:0,getAllowance
FNDA:0,logFillEvent
DA:92,1
DA:143,0
DA:161,0
DA:163,0
DA:173,0
DA:174,0
DA:175,0
DA:178,0
DA:182,0
DA:183,0
DA:184,0
DA:185,0
DA:188,0
DA:195,0
DA:196,0
DA:201,0
DA:206,0
DA:211,0
DA:217,0
DA:227,0
DA:228,0
DA:233,0
DA:237,0
DA:243,0
DA:252,0
DA:253,0
DA:254,0
DA:261,0
DA:262,0
DA:273,0
DA:283,0
DA:299,0
DA:315,0
DA:317,0
DA:318,0
DA:319,0
DA:322,0
DA:326,0
DA:327,0
DA:328,0
DA:329,0
DA:332,0
DA:334,0
DA:348,0
DA:374,0
DA:385,0
DA:409,0
DA:410,0
DA:421,0
DA:443,0
DA:444,0
DA:455,0
DA:479,0
DA:480,0
DA:482,0
DA:494,0
DA:495,0
DA:498,0
DA:514,0
DA:515,0
DA:521,0
DA:539,0
DA:574,0
DA:595,0
DA:607,0
DA:628,0
DA:653,0
DA:655,0
DA:656,0
DA:657,0
DA:659,0
DA:663,0
DA:668,0
DA:674,0
DA:677,0
DA:684,0
DA:686,0
DA:693,0
DA:701,0
DA:704,0
DA:718,0
DA:732,0
DA:742,0
LF:83
LH:1
BRDA:161,1,0,0
BRDA:161,1,1,0
BRDA:163,2,0,0
BRDA:163,2,1,0
BRDA:173,3,0,0
BRDA:173,3,1,0
BRDA:183,4,0,0
BRDA:183,4,1,0
BRDA:188,5,0,0
BRDA:188,5,1,0
BRDA:217,6,0,0
BRDA:217,6,1,0
BRDA:252,7,0,0
BRDA:252,7,1,0
BRDA:253,8,0,0
BRDA:253,8,1,0
BRDA:261,9,0,0
BRDA:261,9,1,0
BRDA:315,10,0,0
BRDA:315,10,1,0
BRDA:317,11,0,0
BRDA:317,11,1,0
BRDA:327,12,0,0
BRDA:327,12,1,0
BRDA:374,13,0,0
BRDA:374,13,1,0
BRDA:444,14,0,0
BRDA:444,14,1,0
BRDA:481,15,0,0
BRDA:481,15,1,0
BRDA:494,16,0,0
BRDA:494,16,1,0
BRDA:660,17,0,0
BRDA:660,17,1,0
BRDA:664,18,0,0
BRDA:664,18,1,0
BRDA:668,19,0,0
BRDA:668,19,1,0
BRDA:673,20,0,0
BRDA:673,20,1,0
BRDA:682,21,0,0
BRDA:682,21,1,0
BRDA:691,22,0,0
BRDA:691,22,1,0
BRDA:700,23,0,0
BRDA:700,23,1,0
BRF:46
BRH:0
end_of_record
TN:
SF:/Users/antonio/src/dydx/protocol/contracts/shared/Proxy.sol
FN:45,Proxy
FN:57,requiresTransferAuthorization
FN:66,grantTransferAuthorization
FN:83,revokeTransferAuthorization
FN:104,ownerRevokeTransferAuthorization
FN:124,transfer
FN:136,transferTo
FN:153,available
FNF:8
FNH:1
FNDA:2,Proxy
FNDA:0,requiresTransferAuthorization
FNDA:0,grantTransferAuthorization
FNDA:0,revokeTransferAuthorization
FNDA:0,ownerRevokeTransferAuthorization
FNDA:0,transfer
FNDA:0,transferTo
FNDA:0,available
DA:58,0
DA:59,0
DA:73,0
DA:74,0
DA:76,0
DA:90,0
DA:91,0
DA:93,0
DA:110,0
DA:111,0
DA:113,0
DA:133,0
DA:146,0
DA:160,0
LF:14
LH:0
BRDA:58,1,0,0
BRDA:58,1,1,0
BRDA:73,2,0,0
BRDA:73,2,1,0
BRDA:90,3,0,0
BRDA:90,3,1,0
BRDA:110,4,0,0
BRDA:110,4,1,0
BRDA:133,5,0,0
BRDA:133,5,1,0
BRDA:146,6,0,0
BRDA:146,6,1,0
BRF:12
BRH:0
end_of_record
TN:
SF:/Users/antonio/src/dydx/protocol/contracts/short/external/TokenizedShort.sol
FN:81,onlyWhileUninitialized
FN:86,onlyWhileOpen
FN:95,TokenizedShort
FN:119,initialize
FN:142,redeemDirectly
FN:174,redeem
FN:219,claimPayout
FN:268,decimals
FN:281,validateAndUpdateStateForRedeem
FN:312,sendPayoutAndLogEventForRedeem
FN:332,transferTakerFeeForRedeem
FN:365,getShortObject
FNF:12
FNH:0
FNDA:0,onlyWhileUninitialized
FNDA:0,onlyWhileOpen
FNDA:0,TokenizedShort
FNDA:0,initialize
FNDA:0,redeemDirectly
FNDA:0,redeem
FNDA:0,claimPayout
FNDA:0,decimals
FNDA:0,validateAndUpdateStateForRedeem
FNDA:0,sendPayoutAndLogEventForRedeem
FNDA:0,transferTakerFeeForRedeem
FNDA:0,getShortObject
DA:82,0
DA:83,0
DA:87,0
DA:88,0
DA:105,0
DA:106,0
DA:107,0
DA:108,0
DA:110,0
DA:111,0
DA:112,0
DA:124,0
DA:125,0
DA:128,0
DA:130,0
DA:132,0
DA:135,0
DA:137,0
DA:139,0
DA:150,0
DA:153,0
DA:160,0
DA:166,0
DA:171,0
DA:187,0
DA:190,0
DA:192,0
DA:200,0
DA:211,0
DA:216,0
DA:224,0
DA:227,0
DA:228,0
DA:231,0
DA:232,0
DA:234,0
DA:236,0
DA:243,0
DA:244,0
DA:247,0
DA:255,0
DA:260,0
DA:272,0
DA:273,0
DA:286,0
DA:287,0
DA:290,0
DA:291,0
DA:294,0
DA:296,0
DA:298,0
DA:301,0
DA:304,0
DA:305,0
DA:308,0
DA:317,0
DA:324,0
DA:342,0
DA:343,0
DA:350,0
DA:356,0
DA:368,0
DA:383,0
DA:385,0
LF:64
LH:0
BRDA:82,1,0,0
BRDA:82,1,1,0
BRDA:87,2,0,0
BRDA:87,2,1,0
BRDA:125,3,0,0
BRDA:125,3,1,0
BRDA:132,4,0,0
BRDA:132,4,1,0
BRDA:227,5,0,0
BRDA:227,5,1,0
BRDA:231,6,0,0
BRDA:231,6,1,0
BRDA:232,7,0,0
BRDA:232,7,1,0
BRDA:287,8,0,0
BRDA:287,8,1,0
BRDA:288,9,0,0
BRDA:288,9,1,0
BRDA:302,10,0,0
BRDA:302,10,1,0
BRDA:305,11,0,0
BRDA:305,11,1,0
BRDA:318,12,0,0
BRDA:318,12,1,0
BRDA:343,13,0,0
BRDA:343,13,1,0
BRDA:385,14,0,0
BRDA:385,14,1,0
BRF:28
BRH:0
end_of_record
TN:
SF:/Users/antonio/src/dydx/protocol/contracts/short/external/TokenizedShortCreator.sol
FN:14,TokenizedShortCreator
FN:28,updateShortSell
FN:36,updateProxy
FN:44,tokenizeShort
FNF:4
FNH:0
FNDA:0,TokenizedShortCreator
FNDA:0,updateShortSell
FNDA:0,updateProxy
FNDA:0,tokenizeShort
DA:24,0
DA:25,0
DA:33,0
DA:41,0
DA:52,0
DA:61,0
DA:63,0
LF:7
LH:0
BRF:0
BRH:0
end_of_record
TN:
SF:/Users/antonio/src/dydx/protocol/contracts/short/impl/CloseShortImpl.sol
FN:47,closeShortImpl
FN:101,closeEntireShortImpl
FN:129,closeShortDirectlyImpl
FN:227,closeEntireShortDirectlyImpl
FN:247,validateCloseShort
FN:257,updateStateForCloseShort
FN:276,buybackAndSendOnClose
FN:331,buyBackUnderlyingToken
FN:395,getBaseTokenPriceForBuyback
FN:422,transferFeeForBuyback
FN:458,sendTokensOnClose
FN:505,logEventOnClose
FN:537,parseCloseShortTx
FNF:13
FNH:0
FNDA:0,closeShortImpl
FNDA:0,closeEntireShortImpl
FNDA:0,closeShortDirectlyImpl
FNDA:0,closeEntireShortDirectlyImpl
FNDA:0,validateCloseShort
FNDA:0,updateStateForCloseShort
FNDA:0,buybackAndSendOnClose
FNDA:0,buyBackUnderlyingToken
FNDA:0,getBaseTokenPriceForBuyback
FNDA:0,transferFeeForBuyback
FNDA:0,sendTokensOnClose
FNDA:0,logEventOnClose
FNDA:0,parseCloseShortTx
DA:63,0
DA:73,0
DA:75,0
DA:80,0
DA:84,0
DA:88,0
DA:95,0
DA:116,0
DA:118,0
DA:140,0
DA:141,0
DA:143,0
DA:144,0
DA:145,0
DA:148,0
DA:158,0
DA:167,0
DA:168,0
DA:173,0
DA:180,0
DA:187,0
DA:194,0
DA:196,0
DA:201,0
DA:210,0
DA:221,0
DA:237,0
DA:239,0
DA:252,0
DA:253,0
DA:262,0
DA:263,0
DA:268,0
DA:286,0
DA:296,0
DA:302,0
DA:308,0
DA:315,0
DA:317,0
DA:323,0
DA:338,0
DA:346,0
DA:347,0
DA:354,0
DA:374,0
DA:380,0
DA:384,0
DA:388,0
DA:391,0
DA:405,0
DA:413,0
DA:417,0
DA:427,0
DA:431,0
DA:432,0
DA:435,0
DA:436,0
DA:439,0
DA:446,0
DA:447,0
DA:465,0
DA:468,0
DA:476,0
DA:477,0
DA:488,0
DA:489,0
DA:497,0
DA:498,0
DA:500,0
DA:511,0
DA:512,0
DA:521,0
DA:547,0
DA:548,0
LF:74
LH:0
BRDA:73,1,0,0
BRDA:73,1,1,0
BRDA:143,2,0,0
BRDA:143,2,1,0
BRDA:144,3,0,0
BRDA:144,3,1,0
BRDA:145,4,0,0
BRDA:145,4,1,0
BRDA:167,5,0,0
BRDA:167,5,1,0
BRDA:194,6,0,0
BRDA:194,6,1,0
BRDA:253,7,0,0
BRDA:253,7,1,0
BRDA:254,8,0,0
BRDA:254,8,1,0
BRDA:263,9,0,0
BRDA:263,9,1,0
BRDA:316,10,0,0
BRDA:316,10,1,0
BRDA:347,11,0,0
BRDA:347,11,1,0
BRDA:375,12,0,0
BRDA:375,12,1,0
BRDA:385,13,0,0
BRDA:385,13,1,0
BRDA:389,14,0,0
BRDA:389,14,1,0
BRDA:415,15,0,0
BRDA:415,15,1,0
BRDA:433,16,0,0
BRDA:433,16,1,0
BRDA:448,17,0,0
BRDA:448,17,1,0
BRDA:478,18,0,0
BRDA:478,18,1,0
BRDA:499,19,0,0
BRDA:499,19,1,0
BRDA:500,20,0,0
BRDA:500,20,1,0
BRDA:513,21,0,0
BRDA:513,21,1,0
BRF:42
BRH:0
end_of_record
TN:
SF:/Users/antonio/src/dydx/protocol/contracts/short/impl/ForceRecoverLoanImpl.sol
FN:29,forceRecoverLoanImpl
FN:72,sendTokensOnForceRecover
FN:108,sendTokensOnForceRecoverWithAuctionBid
FN:151,sendToLenderOnForceCloseWithAuctionBid
FN:189,sendToBidderOnForceCloseWithAuctionBid
FN:233,sendToShortSellerOnForceCloseWithAuctionBid
FNF:6
FNH:0
FNDA:0,forceRecoverLoanImpl
FNDA:0,sendTokensOnForceRecover
FNDA:0,sendTokensOnForceRecoverWithAuctionBid
FNDA:0,sendToLenderOnForceCloseWithAuctionBid
FNDA:0,sendToBidderOnForceCloseWithAuctionBid
FNDA:0,sendToShortSellerOnForceCloseWithAuctionBid
DA:36,0
DA:37,0
DA:41,0
DA:44,0
DA:47,0
DA:52,0
DA:61,0
DA:69,0
DA:85,0
DA:87,0
DA:90,0
DA:97,0
DA:99,0
DA:120,0
DA:121,0
DA:124,0
DA:133,0
DA:143,0
DA:148,0
DA:160,0
DA:164,0
DA:170,0
DA:179,0
DA:186,0
DA:200,0
DA:203,0
DA:207,0
DA:208,0
DA:217,0
DA:223,0
DA:230,0
DA:239,0
DA:243,0
LF:33
LH:0
BRDA:41,1,0,0
BRDA:41,1,1,0
BRDA:44,2,0,0
BRDA:44,2,1,0
BRDA:87,3,0,0
BRDA:87,3,1,0
BRDA:207,4,0,0
BRDA:207,4,1,0
BRF:8
BRH:0
end_of_record
TN:
SF:/Users/antonio/src/dydx/protocol/contracts/short/impl/LoanImpl.sol
FN:32,callInLoanImpl
FN:58,cancelLoanCallImpl
FN:85,cancelLoanOfferingImpl
FN:129,parseLoanOffering
FN:166,parseLoanOfferRates
FNF:5
FNH:0
FNDA:0,callInLoanImpl
FNDA:0,cancelLoanCallImpl
FNDA:0,cancelLoanOfferingImpl
FNDA:0,parseLoanOffering
FNDA:0,parseLoanOfferRates
DA:38,0
DA:39,0
DA:40,0
DA:42,0
DA:43,0
DA:47,0
DA:49,0
DA:64,0
DA:65,0
DA:67,0
DA:69,0
DA:71,0
DA:76,0
DA:95,0
DA:101,0
DA:102,0
DA:104,0
DA:108,0
DA:110,0
DA:112,0
DA:117,0
DA:124,0
DA:137,0
DA:156,0
DA:162,0
DA:171,0
DA:181,0
LF:27
LH:0
BRDA:39,1,0,0
BRDA:39,1,1,0
BRDA:40,2,0,0
BRDA:40,2,1,0
BRDA:42,3,0,0
BRDA:42,3,1,0
BRDA:43,4,0,0
BRDA:43,4,1,0
BRDA:65,5,0,0
BRDA:65,5,1,0
BRDA:67,6,0,0
BRDA:67,6,1,0
BRDA:101,7,0,0
BRDA:101,7,1,0
BRDA:102,8,0,0
BRDA:102,8,1,0
BRDA:110,9,0,0
BRDA:110,9,1,0
BRF:18
BRH:0
end_of_record
TN:
SF:/Users/antonio/src/dydx/protocol/contracts/short/impl/PlaceSellbackBidImpl.sol
FN:26,placeSellbackBidImpl
FNF:1
FNH:0
FNDA:0,placeSellbackBidImpl
DA:33,0
DA:36,0
DA:38,0
DA:42,0
DA:43,0
DA:47,0
DA:56,0
DA:58,0
DA:64,0
DA:67,0
DA:70,0
DA:71,0
DA:80,0
DA:88,0
DA:95,0
LF:15
LH:0
BRDA:36,1,0,0
BRDA:36,1,1,0
BRDA:42,2,0,0
BRDA:42,2,1,0
BRDA:43,3,0,0
BRDA:43,3,1,0
BRDA:64,4,0,0
BRDA:64,4,1,0
BRDA:70,5,0,0
BRDA:70,5,1,0
BRF:10
BRH:0
end_of_record
TN:
SF:/Users/antonio/src/dydx/protocol/contracts/short/impl/ShortCommonHelperFunctions.sol
FN:70,getUnavailableLoanOfferingAmountImpl
FN:80,transferToCloseVault
FN:108,cleanupShort
FN:118,payBackAuctionBidderIfExists
FN:143,getAuctionVaultId
FN:153,calculateInterestFee
FN:174,getLoanOfferingHash
FN:196,getValuesHash
FN:220,getShortObject
FNF:9
FNH:0
FNDA:0,getUnavailableLoanOfferingAmountImpl
FNDA:0,transferToCloseVault
FNDA:0,cleanupShort
FNDA:0,payBackAuctionBidderIfExists
FNDA:0,getAuctionVaultId
FNDA:0,calculateInterestFee
FNDA:0,getLoanOfferingHash
FNDA:0,getValuesHash
FNDA:0,getShortObject
DA:76,0
DA:87,0
DA:90,0
DA:96,0
DA:97,0
DA:104,0
DA:112,0
DA:113,0
DA:114,0
DA:123,0
DA:124,0
DA:126,0
DA:128,0
DA:129,0
DA:132,0
DA:134,0
DA:148,0
DA:160,0
DA:166,0
DA:168,0
DA:179,0
DA:198,0
DA:221,0
DA:236,0
DA:238,0
LF:25
LH:0
BRDA:129,1,0,0
BRDA:129,1,1,0
BRDA:242,2,0,0
BRDA:242,2,1,0
BRF:4
BRH:0
end_of_record
TN:
SF:/Users/antonio/src/dydx/protocol/contracts/short/impl/ShortImpl.sol
FN:61,shortImpl
FN:142,getNextShortId
FN:155,validateShort
FN:220,isValidSignature
FN:235,transferTokensForShort
FN:260,transferTokensFromShortSeller
FN:309,transferLoanFees
FN:339,executeSell
FN:388,recordShortInitiated
FN:416,parseShortTx
FN:450,parseLoanOffering
FN:485,parseLoanOfferRates
FN:505,parseLoanOfferingSignature
FN:522,parseBuyOrder
FN:550,parseBuyOrderSignature
FNF:15
FNH:0
FNDA:0,shortImpl
FNDA:0,getNextShortId
FNDA:0,validateShort
FNDA:0,isValidSignature
FNDA:0,transferTokensForShort
FNDA:0,transferTokensFromShortSeller
FNDA:0,transferLoanFees
FNDA:0,executeSell
FNDA:0,recordShortInitiated
FNDA:0,parseShortTx
FNDA:0,parseLoanOffering
FNDA:0,parseLoanOfferRates
FNDA:0,parseLoanOfferingSignature
FNDA:0,parseBuyOrder
FNDA:0,parseBuyOrderSignature
DA:72,0
DA:80,0
DA:83,0
DA:91,0
DA:95,0
DA:99,0
DA:103,0
DA:119,0
DA:125,0
DA:132,0
DA:139,0
DA:148,0
DA:161,0
DA:164,0
DA:167,0
DA:168,0
DA:172,0
DA:177,0
DA:183,0
DA:185,0
DA:191,0
DA:192,0
DA:207,0
DA:224,0
DA:238,0
DA:244,0
DA:252,0
DA:264,0
DA:271,0
DA:272,0
DA:282,0
DA:290,0
DA:297,0
DA:311,0
DA:312,0
DA:317,0
DA:323,0
DA:328,0
DA:343,0
DA:369,0
DA:372,0
DA:380,0
DA:382,0
DA:393,0
DA:423,0
DA:443,0
DA:456,0
DA:471,0
DA:477,0
DA:486,0
DA:496,0
DA:506,0
DA:512,0
DA:524,0
DA:539,0
DA:549,0
DA:555,0
LF:57
LH:0
BRDA:99,1,0,0
BRDA:99,1,1,0
BRDA:163,2,0,0
BRDA:163,2,1,0
BRDA:166,3,0,0
BRDA:166,3,1,0
BRDA:169,4,0,0
BRDA:169,4,1,0
BRDA:170,5,0,0
BRDA:170,5,1,0
BRDA:174,6,0,0
BRDA:174,6,1,0
BRDA:179,7,0,0
BRDA:179,7,1,0
BRDA:185,8,0,0
BRDA:185,8,1,0
BRDA:193,9,0,0
BRDA:193,9,1,0
BRDA:194,10,0,0
BRDA:194,10,1,0
BRDA:209,11,0,0
BRDA:209,11,1,0
BRDA:274,12,0,0
BRDA:274,12,1,0
BRDA:281,13,0,0
BRDA:281,13,1,0
BRDA:375,14,0,0
BRDA:375,14,1,0
BRDA:383,15,0,0
BRDA:383,15,1,0
BRF:30
BRH:0
end_of_record
TN:
SF:/Users/antonio/src/dydx/protocol/contracts/short/impl/ShortSellAdmin.sol
FN:19,updateTrader
FN:29,updateProxy
FN:39,updateVault
FN:49,updateRepo
FN:59,updateAuctionRepo
FNF:5
FNH:0
FNDA:0,updateTrader
FNDA:0,updateProxy
FNDA:0,updateVault
FNDA:0,updateRepo
FNDA:0,updateAuctionRepo
DA:26,0
DA:36,0
DA:46,0
DA:56,0
DA:66,0
LF:5
LH:0
BRF:0
BRH:0
end_of_record
TN:
SF:/Users/antonio/src/dydx/protocol/contracts/short/impl/ShortSellEvents.sol
FNF:0
FNH:0
LF:0
LH:0
BRF:0
BRH:0
end_of_record
TN:
SF:/Users/antonio/src/dydx/protocol/contracts/short/impl/ShortSellState.sol
FNF:0
FNH:0
LF:0
LH:0
BRF:0
BRH:0
end_of_record
TN:
SF:/Users/antonio/src/dydx/protocol/contracts/short/ShortSell.sol
FN:42,ShortSell
FN:128,short
FN:178,closeShort
FN:207,closeEntireShort
FN:240,closeShortDirectly
FN:260,closeEntireShortDirectly
FN:283,callInLoan
FN:296,cancelLoanCall
FN:311,transferLoan
FN:338,transferShort
FN:374,placeSellbackBid
FN:394,forceRecoverLoan
FN:410,deposit
FN:467,cancelLoanOffering
FN:488,getShort
FN:510,containsShort
FN:520,getShortBalance
FN:535,getShortInterestFee
FN:565,getUnavailableLoanOfferingAmount
FN:575,getShortAuctionOffer
FN:589,hasShortAuctionOffer
FN:599,isShortCalled
FN:611,isShortClosed
FNF:23
FNH:0
FNDA:0,ShortSell
FNDA:0,short
FNDA:0,closeShort
FNDA:0,closeEntireShort
FNDA:0,closeShortDirectly
FNDA:0,closeEntireShortDirectly
FNDA:0,callInLoan
FNDA:0,cancelLoanCall
FNDA:0,transferLoan
FNDA:0,transferShort
FNDA:0,placeSellbackBid
FNDA:0,forceRecoverLoan
FNDA:0,deposit
FNDA:0,cancelLoanOffering
FNDA:0,getShort
FNDA:0,containsShort
FNDA:0,getShortBalance
FNDA:0,getShortInterestFee
FNDA:0,getUnavailableLoanOfferingAmount
FNDA:0,getShortAuctionOffer
FNDA:0,hasShortAuctionOffer
FNDA:0,isShortCalled
FNDA:0,isShortClosed
DA:55,0
DA:56,0
DA:57,0
DA:58,0
DA:59,0
DA:138,0
DA:193,0
DA:221,0
DA:251,0
DA:269,0
DA:288,0
DA:301,0
DA:318,0
DA:319,0
DA:321,0
DA:323,0
DA:345,0
DA:346,0
DA:348,0
DA:350,0
DA:380,0
DA:400,0
DA:417,0
DA:418,0
DA:420,0
DA:427,0
DA:476,0
DA:506,0
DA:515,0
DA:524,0
DA:525,0
DA:527,0
DA:529,0
DA:538,0
DA:539,0
DA:541,0
DA:543,0
DA:545,0
DA:549,0
DA:551,0
DA:554,0
DA:567,0
DA:580,0
DA:589,0
DA:598,0
DA:600,0
DA:609,0
LF:47
LH:0
BRDA:319,1,0,0
BRDA:319,1,1,0
BRDA:346,2,0,0
BRDA:346,2,1,0
BRDA:418,3,0,0
BRDA:418,3,1,0
BRDA:527,4,0,0
BRDA:527,4,1,0
BRDA:542,5,0,0
BRDA:542,5,1,0
BRDA:549,6,0,0
BRDA:549,6,1,0
BRF:12
BRH:0
end_of_record
TN:
SF:/Users/antonio/src/dydx/protocol/contracts/short/ShortSellAuctionRepo.sol
FN:35,ShortSellAuctionRepo
FN:47,setAuctionOffer
FN:62,deleteAuctionOffer
FN:75,getAuction
FN:95,containsAuction
FNF:5
FNH:0
FNDA:0,ShortSellAuctionRepo
FNDA:0,setAuctionOffer
FNDA:0,deleteAuctionOffer
FNDA:0,getAuction
FNDA:0,containsAuction
DA:55,0
DA:68,0
DA:85,0
DA:87,0
DA:100,0
LF:5
LH:0
BRF:0
BRH:0
end_of_record
TN:
SF:/Users/antonio/src/dydx/protocol/contracts/short/ShortSellRepo.sol
FN:44,ShortSellRepo
FN:56,addShort
FN:89,setShortCallStart
FN:100,setShortLender
FN:111,setShortSeller
FN:122,setShortClosedAmount
FN:136,setShortAmount
FN:150,setShortInterestRate
FN:164,setShortCallTimeLimit
FN:178,setShortLockoutTime
FN:189,deleteShort
FN:198,markShortClosed
FN:210,unmarkShortClosed
FN:223,getShort
FN:259,containsShort
FNF:15
FNH:0
FNDA:0,ShortSellRepo
FNDA:0,addShort
FNDA:0,setShortCallStart
FNDA:0,setShortLender
FNDA:0,setShortSeller
FNDA:0,setShortClosedAmount
FNDA:0,setShortAmount
FNDA:0,setShortInterestRate
FNDA:0,setShortCallTimeLimit
FNDA:0,setShortLockoutTime
FNDA:0,deleteShort
FNDA:0,markShortClosed
FNDA:0,unmarkShortClosed
FNDA:0,getShort
FNDA:0,containsShort
DA:71,0
DA:72,0
DA:74,0
DA:96,0
DA:97,0
DA:107,0
DA:108,0
DA:118,0
DA:119,0
DA:129,0
DA:130,0
DA:143,0
DA:144,0
DA:157,0
DA:158,0
DA:171,0
DA:172,0
DA:185,0
DA:186,0
DA:195,0
DA:204,0
DA:216,0
DA:241,0
DA:243,0
DA:264,0
LF:25
LH:0
BRDA:71,1,0,0
BRDA:71,1,1,0
BRDA:72,2,0,0
BRDA:72,2,1,0
BRDA:96,3,0,0
BRDA:96,3,1,0
BRDA:107,4,0,0
BRDA:107,4,1,0
BRDA:118,5,0,0
BRDA:118,5,1,0
BRDA:129,6,0,0
BRDA:129,6,1,0
BRDA:143,7,0,0
BRDA:143,7,1,0
BRDA:157,8,0,0
BRDA:157,8,1,0
BRDA:171,9,0,0
BRDA:171,9,1,0
BRDA:185,10,0,0
BRDA:185,10,1,0
BRF:20
BRH:0
end_of_record
TN:
SF:/Users/antonio/src/dydx/protocol/contracts/short/Trader.sol
FN:68,Trader
FN:96,updateDydxExchange
FN:104,update0xExchange
FN:112,updateVault
FN:120,updateProxy
FN:128,update0xProxy
FN:136,update0xFeeTokenConstant
FN:148,trade
FN:222,doTrade
FN:264,transferTokensBeforeTrade
FN:341,returnTokens
FN:388,transferBackTokens
FN:453,validateBalances
FNF:13
FNH:0
FNDA:0,Trader
FNDA:0,updateDydxExchange
FNDA:0,update0xExchange
FNDA:0,updateVault
FNDA:0,updateProxy
FNDA:0,update0xProxy
FNDA:0,update0xFeeTokenConstant
FNDA:0,trade
FNDA:0,doTrade
FNDA:0,transferTokensBeforeTrade
FNDA:0,returnTokens
FNDA:0,transferBackTokens
FNDA:0,validateBalances
DA:84,0
DA:85,0
DA:86,0
DA:87,0
DA:88,0
DA:89,0
DA:101,0
DA:109,0
DA:117,0
DA:125,0
DA:133,0
DA:141,0
DA:165,0
DA:181,0
DA:188,0
DA:195,0
DA:204,0
DA:213,0
DA:215,0
DA:235,0
DA:236,0
DA:253,0
DA:271,0
DA:273,0
DA:275,0
DA:277,0
DA:278,0
DA:280,0
DA:284,0
DA:286,0
DA:294,0
DA:297,0
DA:303,0
DA:305,0
DA:312,0
DA:315,0
DA:321,0
DA:327,0
DA:329,0
DA:330,0
DA:336,0
DA:352,0
DA:354,0
DA:355,0
DA:358,0
DA:363,0
DA:368,0
DA:374,0
DA:375,0
DA:377,0
DA:385,0
DA:398,0
DA:399,0
DA:407,0
DA:408,0
DA:410,0
DA:411,0
DA:419,0
DA:421,0
DA:422,0
DA:432,0
DA:433,0
DA:440,0
DA:441,0
DA:442,0
DA:459,0
DA:462,0
DA:465,0
DA:466,0
LF:69
LH:0
BRDA:235,1,0,0
BRDA:235,1,1,0
BRDA:271,2,0,0
BRDA:271,2,1,0
BRDA:277,3,0,0
BRDA:277,3,1,0
BRDA:284,4,0,0
BRDA:284,4,1,0
BRDA:295,5,0,0
BRDA:295,5,1,0
BRDA:329,6,0,0
BRDA:329,6,1,0
BRDA:352,7,0,0
BRDA:352,7,1,0
BRDA:354,8,0,0
BRDA:354,8,1,0
BRDA:355,9,0,0
BRDA:355,9,1,0
BRDA:407,10,0,0
BRDA:407,10,1,0
BRDA:408,11,0,0
BRDA:408,11,1,0
BRDA:417,12,0,0
BRDA:417,12,1,0
BRDA:440,13,0,0
BRDA:440,13,1,0
BRDA:460,14,0,0
BRDA:460,14,1,0
BRDA:463,15,0,0
BRDA:463,15,1,0
BRDA:466,16,0,0
BRDA:466,16,1,0
BRDA:467,17,0,0
BRDA:467,17,1,0
BRF:34
BRH:0
end_of_record
TN:
SF:/Users/antonio/src/dydx/protocol/contracts/short/Vault.sol
FN:42,Vault
FN:60,updateProxy
FN:74,transfer
FN:99,send
FN:126,transferBetweenVaults
FN:153,validateBalance
FNF:6
FNH:1
FNDA:1,Vault
FNDA:0,updateProxy
FNDA:0,transfer
FNDA:0,send
FNDA:0,transferBetweenVaults
FNDA:0,validateBalance
DA:53,1
DA:67,0
DA:86,0
DA:89,0
DA:90,0
DA:93,0
DA:96,0
DA:110,0
DA:113,0
DA:116,0
DA:117,0
DA:120,0
DA:123,0
DA:137,0
DA:140,0
DA:143,0
DA:146,0
DA:160,0
LF:18
LH:1
BRDA:93,1,0,0
BRDA:93,1,1,0
BRDA:110,2,0,0
BRDA:110,2,1,0
BRDA:113,3,0,0
BRDA:113,3,1,0
BRDA:137,4,0,0
BRDA:137,4,1,0
BRDA:140,5,0,0
BRDA:140,5,1,0
BRDA:161,6,0,0
BRDA:161,6,1,0
BRF:12
BRH:0
end_of_record
TN:
SF:/Users/antonio/src/dydx/protocol/contracts/testing/AccessControlledTester.sol
FN:9,AccessControlledTester
FN:17,setNum
FNF:2
FNH:2
FNDA:13,AccessControlledTester
FNDA:2,setNum
DA:23,2
LF:1
LH:1
BRF:0
BRH:0
end_of_record
TN:
SF:/Users/antonio/src/dydx/protocol/contracts/testing/DelayedUpdateTester.sol
FN:12,DelayedUpdateTester
FN:20,addr1Update
FN:30,addr2Update
FN:40,cancelAddrUpdate
FN:44,num1Update
FN:54,num2Update
FN:64,cancelNumUpdate
FNF:7
FNH:3
FNDA:7,DelayedUpdateTester
FNDA:3,addr1Update
FNDA:1,addr2Update
FNDA:0,cancelAddrUpdate
FNDA:0,num1Update
FNDA:0,num2Update
FNDA:0,cancelNumUpdate
DA:27,3
DA:37,1
DA:41,0
DA:51,0
DA:61,0
DA:69,0
LF:6
LH:2
BRF:0
BRH:0
end_of_record
TN:
SF:/Users/antonio/src/dydx/protocol/contracts/testing/OwnedToken.sol
FN:15,issueTo
FN:19,totalSupply
FN:23,balanceOf
FN:27,allowance
FN:31,symbol
FN:35,name
FN:39,decimals
FN:43,transfer
FN:59,transferFrom
FN:76,approve
FNF:10
FNH:0
FNDA:0,issueTo
FNDA:0,totalSupply
FNDA:0,balanceOf
FNDA:0,allowance
FNDA:0,symbol
FNDA:0,name
FNDA:0,decimals
FNDA:0,transfer
FNDA:0,transferFrom
FNDA:0,approve
DA:16,0
DA:20,0
DA:24,0
DA:28,0
DA:32,0
DA:36,0
DA:40,0
DA:44,0
DA:45,0
DA:46,0
DA:47,0
DA:53,0
DA:55,0
DA:60,0
DA:61,0
DA:62,0
DA:63,0
DA:64,0
DA:70,0
DA:72,0
DA:77,0
DA:78,0
DA:84,0
LF:23
LH:0
BRDA:44,1,0,0
BRDA:44,1,1,0
BRDA:60,2,0,0
BRDA:60,2,1,0
BRF:4
BRH:0
end_of_record
TN:
SF:/Users/antonio/src/dydx/protocol/contracts/testing/TestToken.sol
FN:14,issue
FN:19,issueTo
FN:24,totalSupply
FN:28,balanceOf
FN:32,allowance
FN:36,symbol
FN:40,name
FN:44,decimals
FN:48,transfer
FN:64,transferFrom
FN:81,approve
FNF:11
FNH:0
FNDA:0,issue
FNDA:0,issueTo
FNDA:0,totalSupply
FNDA:0,balanceOf
FNDA:0,allowance
FNDA:0,symbol
FNDA:0,name
FNDA:0,decimals
FNDA:0,transfer
FNDA:0,transferFrom
FNDA:0,approve
DA:15,0
DA:16,0
DA:20,0
DA:21,0
DA:25,0
DA:29,0
DA:33,0
DA:37,0
DA:41,0
DA:45,0
DA:49,0
DA:50,0
DA:51,0
DA:52,0
DA:58,0
DA:60,0
DA:65,0
DA:66,0
DA:67,0
DA:68,0
DA:69,0
DA:75,0
DA:77,0
DA:82,0
DA:83,0
DA:89,0
LF:26
LH:0
BRDA:49,1,0,0
BRDA:49,1,1,0
BRDA:65,2,0,0
BRDA:65,2,1,0
BRF:4
BRH:0
end_of_record
TN:
SF:/Users/antonio/src/dydx/protocol/contracts/testing/TokenA.sol
FNF:0
FNH:0
LF:0
LH:0
BRF:0
BRH:0
end_of_record
TN:
SF:/Users/antonio/src/dydx/protocol/contracts/testing/TokenB.sol
FNF:0
FNH:0
LF:0
LH:0
BRF:0
BRH:0
end_of_record
TN:
SF:/Users/antonio/src/dydx/protocol/contracts/testing/TokenC.sol
FNF:0
FNH:0
LF:0
LH:0
BRF:0
BRH:0
end_of_record
